TN:
SF:components/AlertDashboard.tsx
FN:46,AlertDashboard
FN:54,(anonymous_3)
FN:57,(anonymous_4)
FN:60,(anonymous_5)
FN:76,(anonymous_6)
FN:86,(anonymous_7)
FN:96,(anonymous_8)
FN:106,(anonymous_9)
FN:219,(anonymous_10)
FN:225,(anonymous_11)
FN:227,(anonymous_12)
FN:231,(anonymous_13)
FN:233,(anonymous_14)
FN:237,(anonymous_15)
FN:239,(anonymous_16)
FN:250,(anonymous_17)
FN:254,(anonymous_18)
FN:292,(anonymous_19)
FN:299,(anonymous_20)
FNF:19
FNH:0
FNDA:0,AlertDashboard
FNDA:0,(anonymous_3)
FNDA:0,(anonymous_4)
FNDA:0,(anonymous_5)
FNDA:0,(anonymous_6)
FNDA:0,(anonymous_7)
FNDA:0,(anonymous_8)
FNDA:0,(anonymous_9)
FNDA:0,(anonymous_10)
FNDA:0,(anonymous_11)
FNDA:0,(anonymous_12)
FNDA:0,(anonymous_13)
FNDA:0,(anonymous_14)
FNDA:0,(anonymous_15)
FNDA:0,(anonymous_16)
FNDA:0,(anonymous_17)
FNDA:0,(anonymous_18)
FNDA:0,(anonymous_19)
FNDA:0,(anonymous_20)
DA:1,0
DA:46,0
DA:47,0
DA:48,0
DA:49,0
DA:50,0
DA:51,0
DA:52,0
DA:54,0
DA:55,0
DA:56,0
DA:57,0
DA:60,0
DA:61,0
DA:62,0
DA:63,0
DA:64,0
DA:66,0
DA:67,0
DA:68,0
DA:70,0
DA:72,0
DA:76,0
DA:77,0
DA:78,0
DA:79,0
DA:80,0
DA:81,0
DA:82,0
DA:86,0
DA:87,0
DA:88,0
DA:89,0
DA:90,0
DA:91,0
DA:92,0
DA:96,0
DA:97,0
DA:98,0
DA:99,0
DA:100,0
DA:101,0
DA:102,0
DA:106,0
DA:108,0
DA:146,0
DA:219,0
DA:225,0
DA:227,0
DA:231,0
DA:233,0
DA:237,0
DA:239,0
DA:251,0
DA:254,0
DA:293,0
DA:300,0
LF:57
LH:0
BRDA:46,0,0,0
BRDA:46,1,0,0
BRDA:64,2,0,0
BRDA:70,3,0,0
BRDA:70,3,1,0
BRDA:77,4,0,0
BRDA:77,4,1,0
BRDA:77,4,2,0
BRDA:77,4,3,0
BRDA:77,4,4,0
BRDA:87,5,0,0
BRDA:87,5,1,0
BRDA:87,5,2,0
BRDA:87,5,3,0
BRDA:87,5,4,0
BRDA:97,6,0,0
BRDA:97,6,1,0
BRDA:97,6,2,0
BRDA:97,6,3,0
BRDA:97,6,4,0
BRDA:106,7,0,0
BRDA:106,7,1,0
BRDA:108,8,0,0
BRDA:119,9,0,0
BRDA:119,9,1,0
BRDA:120,10,0,0
BRDA:120,10,1,0
BRDA:121,11,0,0
BRDA:121,11,1,0
BRDA:133,12,0,0
BRDA:133,12,1,0
BRDA:110,13,0,0
BRDA:110,13,1,0
BRDA:146,14,0,0
BRDA:160,15,0,0
BRDA:160,15,1,0
BRDA:161,16,0,0
BRDA:161,16,1,0
BRDA:162,17,0,0
BRDA:162,17,1,0
BRDA:148,18,0,0
BRDA:148,18,1,0
BRDA:313,19,0,0
BRDA:313,19,1,0
BRDA:314,20,0,0
BRDA:314,20,1,0
BRDA:315,21,0,0
BRDA:315,21,1,0
BRDA:318,22,0,0
BRDA:318,22,1,0
BRDA:392,23,0,0
BRDA:392,23,1,0
BRDA:393,24,0,0
BRDA:393,24,1,0
BRDA:394,25,0,0
BRDA:394,25,1,0
BRDA:402,26,0,0
BRDA:402,26,1,0
BRDA:431,27,0,0
BRDA:431,27,1,0
BRDA:436,28,0,0
BRDA:436,28,1,0
BRDA:520,29,0,0
BRDA:520,29,1,0
BRDA:551,30,0,0
BRDA:551,30,1,0
BRDA:191,31,0,0
BRDA:191,31,1,0
BRDA:191,32,0,0
BRDA:191,32,1,0
BRDA:194,33,0,0
BRDA:218,34,0,0
BRDA:218,34,1,0
BRDA:218,35,0,0
BRDA:218,35,1,0
BRDA:224,36,0,0
BRDA:224,36,1,0
BRDA:224,37,0,0
BRDA:224,37,1,0
BRDA:230,38,0,0
BRDA:230,38,1,0
BRDA:230,39,0,0
BRDA:230,39,1,0
BRDA:236,40,0,0
BRDA:236,40,1,0
BRDA:236,41,0,0
BRDA:236,41,1,0
BRDA:244,42,0,0
BRDA:244,42,1,0
BRDA:247,43,0,0
BRDA:247,43,1,0
BRDA:254,44,0,0
BRDA:254,44,1,0
BRDA:277,45,0,0
BRDA:277,45,1,0
BRDA:278,46,0,0
BRDA:278,46,1,0
BRDA:284,47,0,0
BRF:98
BRH:0
end_of_record
TN:
SF:components/AlertSubscriptionManager.tsx
FN:31,(anonymous_4)
FN:85,(anonymous_5)
FN:89,(anonymous_6)
FN:109,(anonymous_7)
FN:155,(anonymous_8)
FN:176,(anonymous_9)
FN:197,(anonymous_10)
FN:198,(anonymous_11)
FN:204,(anonymous_12)
FN:214,(anonymous_13)
FN:215,(anonymous_14)
FN:217,(anonymous_15)
FN:224,(anonymous_16)
FN:225,(anonymous_17)
FN:227,(anonymous_18)
FN:248,(anonymous_19)
FN:273,(anonymous_20)
FN:273,(anonymous_21)
FN:284,(anonymous_22)
FN:289,(anonymous_23)
FN:291,(anonymous_24)
FN:296,(anonymous_25)
FN:298,(anonymous_26)
FN:321,(anonymous_27)
FN:321,(anonymous_28)
FN:336,(anonymous_29)
FN:336,(anonymous_30)
FN:342,(anonymous_31)
FN:358,(anonymous_32)
FN:367,(anonymous_33)
FN:373,(anonymous_34)
FN:379,(anonymous_35)
FN:382,(anonymous_36)
FN:387,(anonymous_37)
FN:400,(anonymous_38)
FN:403,(anonymous_39)
FN:414,(anonymous_40)
FN:417,(anonymous_41)
FN:428,(anonymous_42)
FN:431,(anonymous_43)
FN:442,(anonymous_44)
FN:445,(anonymous_45)
FN:465,(anonymous_46)
FN:482,(anonymous_47)
FN:500,(anonymous_48)
FN:506,(anonymous_49)
FN:518,(anonymous_50)
FN:541,(anonymous_51)
FN:554,(anonymous_52)
FNF:49
FNH:0
FNDA:0,(anonymous_4)
FNDA:0,(anonymous_5)
FNDA:0,(anonymous_6)
FNDA:0,(anonymous_7)
FNDA:0,(anonymous_8)
FNDA:0,(anonymous_9)
FNDA:0,(anonymous_10)
FNDA:0,(anonymous_11)
FNDA:0,(anonymous_12)
FNDA:0,(anonymous_13)
FNDA:0,(anonymous_14)
FNDA:0,(anonymous_15)
FNDA:0,(anonymous_16)
FNDA:0,(anonymous_17)
FNDA:0,(anonymous_18)
FNDA:0,(anonymous_19)
FNDA:0,(anonymous_20)
FNDA:0,(anonymous_21)
FNDA:0,(anonymous_22)
FNDA:0,(anonymous_23)
FNDA:0,(anonymous_24)
FNDA:0,(anonymous_25)
FNDA:0,(anonymous_26)
FNDA:0,(anonymous_27)
FNDA:0,(anonymous_28)
FNDA:0,(anonymous_29)
FNDA:0,(anonymous_30)
FNDA:0,(anonymous_31)
FNDA:0,(anonymous_32)
FNDA:0,(anonymous_33)
FNDA:0,(anonymous_34)
FNDA:0,(anonymous_35)
FNDA:0,(anonymous_36)
FNDA:0,(anonymous_37)
FNDA:0,(anonymous_38)
FNDA:0,(anonymous_39)
FNDA:0,(anonymous_40)
FNDA:0,(anonymous_41)
FNDA:0,(anonymous_42)
FNDA:0,(anonymous_43)
FNDA:0,(anonymous_44)
FNDA:0,(anonymous_45)
FNDA:0,(anonymous_46)
FNDA:0,(anonymous_47)
FNDA:0,(anonymous_48)
FNDA:0,(anonymous_49)
FNDA:0,(anonymous_50)
FNDA:0,(anonymous_51)
FNDA:0,(anonymous_52)
DA:1,0
DA:2,0
DA:31,0
DA:35,0
DA:36,0
DA:37,0
DA:38,0
DA:39,0
DA:57,0
DA:64,0
DA:66,0
DA:85,0
DA:86,0
DA:89,0
DA:90,0
DA:91,0
DA:92,0
DA:96,0
DA:97,0
DA:99,0
DA:100,0
DA:103,0
DA:105,0
DA:109,0
DA:110,0
DA:111,0
DA:112,0
DA:115,0
DA:116,0
DA:117,0
DA:125,0
DA:127,0
DA:128,0
DA:129,0
DA:130,0
DA:149,0
DA:151,0
DA:155,0
DA:156,0
DA:157,0
DA:158,0
DA:166,0
DA:167,0
DA:170,0
DA:172,0
DA:176,0
DA:177,0
DA:178,0
DA:181,0
DA:182,0
DA:183,0
DA:187,0
DA:188,0
DA:191,0
DA:193,0
DA:197,0
DA:198,0
DA:204,0
DA:205,0
DA:206,0
DA:207,0
DA:208,0
DA:209,0
DA:210,0
DA:214,0
DA:215,0
DA:216,0
DA:217,0
DA:224,0
DA:225,0
DA:227,0
DA:231,0
DA:235,0
DA:236,0
DA:237,0
DA:248,0
DA:273,0
DA:285,0
DA:290,0
DA:291,0
DA:296,0
DA:298,0
DA:321,0
DA:336,0
DA:343,0
DA:359,0
DA:360,0
DA:361,0
DA:368,0
DA:374,0
DA:380,0
DA:381,0
DA:382,0
DA:387,0
DA:401,0
DA:402,0
DA:403,0
DA:415,0
DA:416,0
DA:417,0
DA:429,0
DA:430,0
DA:431,0
DA:443,0
DA:444,0
DA:445,0
DA:465,0
DA:483,0
DA:500,0
DA:506,0
DA:519,0
DA:541,0
DA:555,0
DA:584,0
LF:114
LH:0
BRDA:40,0,0,0
BRDA:40,0,1,0
BRDA:92,1,0,0
BRDA:92,1,1,0
BRDA:99,2,0,0
BRDA:110,3,0,0
BRDA:127,4,0,0
BRDA:131,5,0,0
BRDA:131,5,1,0
BRDA:166,6,0,0
BRDA:177,7,0,0
BRDA:187,8,0,0
BRDA:205,9,0,0
BRDA:205,9,1,0
BRDA:205,9,2,0
BRDA:205,9,3,0
BRDA:205,9,4,0
BRDA:216,10,0,0
BRDA:231,11,0,0
BRDA:231,11,1,0
BRDA:235,12,0,0
BRDA:235,12,1,0
BRDA:236,13,0,0
BRDA:236,13,1,0
BRDA:237,14,0,0
BRDA:237,14,1,0
BRDA:251,15,0,0
BRDA:251,15,1,0
BRDA:255,16,0,0
BRDA:261,17,0,0
BRDA:290,18,0,0
BRDA:290,18,1,0
BRDA:359,19,0,0
BRDA:374,20,0,0
BRDA:374,20,1,0
BRDA:476,21,0,0
BRDA:476,21,1,0
BRDA:490,22,0,0
BRDA:490,22,1,0
BRDA:494,23,0,0
BRDA:494,23,1,0
BRDA:503,24,0,0
BRDA:503,24,1,0
BRDA:546,25,0,0
BRDA:552,26,0,0
BRDA:555,27,0,0
BRDA:555,27,1,0
BRDA:569,28,0,0
BRDA:569,28,1,0
BRDA:571,29,0,0
BRF:50
BRH:0
end_of_record
TN:
SF:components/Chatbot.tsx
FN:16,Chatbot
FN:25,(anonymous_2)
FN:26,(anonymous_3)
FN:35,normalize
FN:36,score
FN:42,(anonymous_6)
FN:44,reply
FN:58,(anonymous_8)
FN:61,(anonymous_9)
FN:65,(anonymous_10)
FN:70,(anonymous_11)
FN:73,(anonymous_12)
FN:80,(anonymous_13)
FN:80,(anonymous_14)
FN:80,(anonymous_15)
FN:81,(anonymous_16)
FNF:16
FNH:0
FNDA:0,Chatbot
FNDA:0,(anonymous_2)
FNDA:0,(anonymous_3)
FNDA:0,normalize
FNDA:0,score
FNDA:0,(anonymous_6)
FNDA:0,reply
FNDA:0,(anonymous_8)
FNDA:0,(anonymous_9)
FNDA:0,(anonymous_10)
FNDA:0,(anonymous_11)
FNDA:0,(anonymous_12)
FNDA:0,(anonymous_13)
FNDA:0,(anonymous_14)
FNDA:0,(anonymous_15)
FNDA:0,(anonymous_16)
DA:3,0
DA:4,0
DA:8,0
DA:16,0
DA:17,0
DA:18,0
DA:19,0
DA:22,0
DA:23,0
DA:25,0
DA:26,0
DA:27,0
DA:28,0
DA:29,0
DA:30,0
DA:35,0
DA:37,0
DA:38,0
DA:42,0
DA:45,0
DA:47,0
DA:48,0
DA:49,0
DA:50,0
DA:51,0
DA:52,0
DA:53,0
DA:54,0
DA:57,0
DA:58,0
DA:59,0
DA:61,0
DA:65,0
DA:70,0
DA:74,0
DA:80,0
DA:81,0
LF:37
LH:0
BRDA:30,0,0,0
BRDA:30,1,0,0
BRDA:30,1,1,0
BRDA:30,1,2,0
BRDA:37,2,0,0
BRDA:48,3,0,0
BRDA:54,4,0,0
BRDA:57,5,0,0
BRDA:58,6,0,0
BRDA:58,6,1,0
BRDA:59,7,0,0
BRDA:59,7,1,0
BRDA:65,8,0,0
BRDA:66,9,0,0
BRDA:74,10,0,0
BRDA:74,10,1,0
BRDA:75,11,0,0
BRDA:75,11,1,0
BRDA:80,12,0,0
BRF:19
BRH:0
end_of_record
TN:
SF:components/ConservationActionCenter.tsx
FN:34,(anonymous_5)
FN:192,(anonymous_6)
FN:201,(anonymous_7)
FN:202,(anonymous_8)
FN:205,(anonymous_9)
FN:210,(anonymous_10)
FN:220,(anonymous_11)
FN:221,(anonymous_12)
FN:225,(anonymous_13)
FN:759,(anonymous_14)
FN:763,(anonymous_15)
FN:774,(anonymous_16)
FN:778,(anonymous_17)
FN:789,(anonymous_18)
FN:793,(anonymous_19)
FN:805,(anonymous_20)
FN:870,(anonymous_21)
FN:887,(anonymous_22)
FNF:18
FNH:0
FNDA:0,(anonymous_5)
FNDA:0,(anonymous_6)
FNDA:0,(anonymous_7)
FNDA:0,(anonymous_8)
FNDA:0,(anonymous_9)
FNDA:0,(anonymous_10)
FNDA:0,(anonymous_11)
FNDA:0,(anonymous_12)
FNDA:0,(anonymous_13)
FNDA:0,(anonymous_14)
FNDA:0,(anonymous_15)
FNDA:0,(anonymous_16)
FNDA:0,(anonymous_17)
FNDA:0,(anonymous_18)
FNDA:0,(anonymous_19)
FNDA:0,(anonymous_20)
FNDA:0,(anonymous_21)
FNDA:0,(anonymous_22)
DA:6,0
DA:7,0
DA:34,0
DA:40,0
DA:41,0
DA:42,0
DA:43,0
DA:44,0
DA:47,0
DA:167,0
DA:176,0
DA:184,0
DA:191,0
DA:193,0
DA:194,0
DA:195,0
DA:196,0
DA:197,0
DA:201,0
DA:202,0
DA:203,0
DA:205,0
DA:206,0
DA:210,0
DA:211,0
DA:212,0
DA:213,0
DA:214,0
DA:215,0
DA:216,0
DA:220,0
DA:221,0
DA:222,0
DA:225,0
DA:226,0
DA:227,0
DA:228,0
DA:229,0
DA:230,0
DA:760,0
DA:763,0
DA:775,0
DA:778,0
DA:790,0
DA:793,0
DA:806,0
DA:871,0
DA:887,0
DA:920,0
LF:49
LH:0
BRDA:35,0,0,0
BRDA:36,1,0,0
BRDA:37,2,0,0
BRDA:38,3,0,0
BRDA:193,4,0,0
BRDA:193,5,0,0
BRDA:193,5,1,0
BRDA:194,6,0,0
BRDA:194,7,0,0
BRDA:194,7,1,0
BRDA:195,8,0,0
BRDA:195,9,0,0
BRDA:195,9,1,0
BRDA:196,10,0,0
BRDA:196,11,0,0
BRDA:196,11,1,0
BRDA:211,12,0,0
BRDA:211,12,1,0
BRDA:211,12,2,0
BRDA:211,12,3,0
BRDA:211,12,4,0
BRDA:222,13,0,0
BRDA:222,13,1,0
BRDA:226,14,0,0
BRDA:226,14,1,0
BRDA:226,14,2,0
BRDA:226,14,3,0
BRDA:238,15,0,0
BRDA:238,15,1,0
BRDA:247,16,0,0
BRDA:247,16,1,0
BRDA:252,17,0,0
BRDA:252,17,1,0
BRDA:263,18,0,0
BRDA:263,18,1,0
BRDA:266,19,0,0
BRDA:266,19,1,0
BRDA:286,20,0,0
BRDA:286,20,1,0
BRDA:294,21,0,0
BRDA:294,21,1,0
BRDA:344,22,0,0
BRDA:344,22,1,0
BRDA:345,23,0,0
BRDA:345,23,1,0
BRDA:354,24,0,0
BRDA:354,24,1,0
BRDA:422,25,0,0
BRDA:422,25,1,0
BRDA:433,26,0,0
BRDA:433,26,1,0
BRDA:743,27,0,0
BRDA:753,28,0,0
BRDA:753,28,1,0
BRDA:762,29,0,0
BRDA:762,29,1,0
BRDA:777,30,0,0
BRDA:777,30,1,0
BRDA:792,31,0,0
BRDA:792,31,1,0
BRDA:810,32,0,0
BRDA:825,33,0,0
BRDA:831,34,0,0
BRDA:847,35,0,0
BRDA:851,36,0,0
BRDA:851,36,1,0
BRDA:857,37,0,0
BRDA:857,37,1,0
BRDA:881,38,0,0
BRDA:897,39,0,0
BRDA:910,40,0,0
BRF:71
BRH:0
end_of_record
TN:
SF:components/CoralReefMonitoring.tsx
FN:28,(anonymous_4)
FN:39,(anonymous_5)
FN:151,(anonymous_6)
FN:180,(anonymous_7)
FN:199,(anonymous_8)
FN:202,(anonymous_9)
FN:210,(anonymous_10)
FN:244,(anonymous_11)
FN:278,(anonymous_12)
FN:312,(anonymous_13)
FN:326,(anonymous_14)
FN:337,(anonymous_15)
FN:349,(anonymous_16)
FN:375,(anonymous_17)
FN:390,(anonymous_18)
FN:393,(anonymous_19)
FN:417,(anonymous_20)
FN:423,(anonymous_21)
FN:429,(anonymous_22)
FN:447,(anonymous_23)
FN:510,(anonymous_24)
FNF:21
FNH:0
FNDA:0,(anonymous_4)
FNDA:0,(anonymous_5)
FNDA:0,(anonymous_6)
FNDA:0,(anonymous_7)
FNDA:0,(anonymous_8)
FNDA:0,(anonymous_9)
FNDA:0,(anonymous_10)
FNDA:0,(anonymous_11)
FNDA:0,(anonymous_12)
FNDA:0,(anonymous_13)
FNDA:0,(anonymous_14)
FNDA:0,(anonymous_15)
FNDA:0,(anonymous_16)
FNDA:0,(anonymous_17)
FNDA:0,(anonymous_18)
FNDA:0,(anonymous_19)
FNDA:0,(anonymous_20)
FNDA:0,(anonymous_21)
FNDA:0,(anonymous_22)
FNDA:0,(anonymous_23)
FNDA:0,(anonymous_24)
DA:1,0
DA:2,0
DA:28,0
DA:32,0
DA:33,0
DA:34,0
DA:35,0
DA:36,0
DA:39,0
DA:40,0
DA:147,0
DA:151,0
DA:152,0
DA:153,0
DA:155,0
DA:156,0
DA:158,0
DA:159,0
DA:161,0
DA:162,0
DA:163,0
DA:165,0
DA:166,0
DA:168,0
DA:170,0
DA:172,0
DA:175,0
DA:180,0
DA:182,0
DA:183,0
DA:186,0
DA:199,0
DA:200,0
DA:201,0
DA:202,0
DA:203,0
DA:205,0
DA:206,0
DA:210,0
DA:212,0
DA:213,0
DA:216,0
DA:221,0
DA:226,0
DA:227,0
DA:228,0
DA:229,0
DA:231,0
DA:232,0
DA:233,0
DA:234,0
DA:237,0
DA:238,0
DA:239,0
DA:240,0
DA:244,0
DA:245,0
DA:246,0
DA:247,0
DA:250,0
DA:251,0
DA:254,0
DA:255,0
DA:256,0
DA:257,0
DA:260,0
DA:261,0
DA:262,0
DA:263,0
DA:266,0
DA:267,0
DA:268,0
DA:269,0
DA:271,0
DA:272,0
DA:273,0
DA:274,0
DA:275,0
DA:278,0
DA:279,0
DA:280,0
DA:283,0
DA:286,0
DA:291,0
DA:292,0
DA:293,0
DA:294,0
DA:295,0
DA:296,0
DA:297,0
DA:301,0
DA:302,0
DA:310,0
DA:311,0
DA:312,0
DA:313,0
DA:314,0
DA:316,0
DA:317,0
DA:318,0
DA:319,0
DA:321,0
DA:322,0
DA:326,0
DA:327,0
DA:328,0
DA:329,0
DA:330,0
DA:331,0
DA:332,0
DA:333,0
DA:337,0
DA:338,0
DA:339,0
DA:340,0
DA:341,0
DA:342,0
DA:343,0
DA:347,0
DA:349,0
DA:351,0
DA:355,0
DA:356,0
DA:375,0
DA:391,0
DA:393,0
DA:417,0
DA:423,0
DA:429,0
DA:448,0
DA:511,0
DA:555,0
LF:132
LH:0
BRDA:153,0,0,0
BRDA:153,1,0,0
BRDA:153,1,1,0
BRDA:156,2,0,0
BRDA:158,3,0,0
BRDA:158,3,1,0
BRDA:170,4,0,0
BRDA:170,4,1,0
BRDA:182,5,0,0
BRDA:182,5,1,0
BRDA:216,6,0,0
BRDA:216,6,1,0
BRDA:217,7,0,0
BRDA:217,7,1,0
BRDA:218,8,0,0
BRDA:218,8,1,0
BRDA:221,9,0,0
BRDA:221,9,1,0
BRDA:222,10,0,0
BRDA:222,10,1,0
BRDA:223,11,0,0
BRDA:223,11,1,0
BRDA:224,12,0,0
BRDA:224,12,1,0
BRDA:238,13,0,0
BRDA:238,13,1,0
BRDA:250,14,0,0
BRDA:250,14,1,0
BRDA:267,15,0,0
BRDA:267,15,1,0
BRDA:286,16,0,0
BRDA:286,16,1,0
BRDA:287,17,0,0
BRDA:287,17,1,0
BRDA:288,18,0,0
BRDA:288,18,1,0
BRDA:289,19,0,0
BRDA:289,19,1,0
BRDA:321,20,0,0
BRDA:321,20,1,0
BRDA:327,21,0,0
BRDA:327,21,1,0
BRDA:327,21,2,0
BRDA:327,21,3,0
BRDA:327,21,4,0
BRDA:327,21,5,0
BRDA:338,22,0,0
BRDA:338,22,1,0
BRDA:338,22,2,0
BRDA:338,22,3,0
BRDA:338,22,4,0
BRDA:347,23,0,0
BRDA:347,23,1,0
BRDA:351,24,0,0
BRDA:351,24,1,0
BRDA:355,25,0,0
BRDA:355,25,1,0
BRDA:356,26,0,0
BRDA:356,26,1,0
BRDA:377,27,0,0
BRDA:377,27,1,0
BRDA:395,28,0,0
BRDA:395,28,1,0
BRDA:397,29,0,0
BRDA:397,29,1,0
BRDA:411,30,0,0
BRDA:411,30,1,0
BRDA:415,31,0,0
BRDA:415,31,1,0
BRDA:421,32,0,0
BRDA:421,32,1,0
BRDA:423,33,0,0
BRDA:423,33,1,0
BRDA:427,34,0,0
BRDA:427,34,1,0
BRDA:440,35,0,0
BRDA:440,35,1,0
BRDA:445,36,0,0
BRDA:451,37,0,0
BRDA:451,37,1,0
BRDA:495,38,0,0
BRDA:499,39,0,0
BRDA:499,39,1,0
BRDA:513,40,0,0
BRDA:513,40,1,0
BRF:85
BRH:0
end_of_record
TN:
SF:components/DesignSystem.tsx
FN:17,(anonymous_6)
FNF:1
FNH:0
FNDA:0,(anonymous_6)
DA:5,0
DA:17,0
DA:18,0
DA:27,0
DA:28,0
DA:29,0
DA:30,0
DA:32,0
DA:33,0
DA:34,0
DA:35,0
DA:40,0
DA:41,0
DA:42,0
LF:14
LH:0
BRDA:17,0,0,0
BRDA:27,1,0,0
BRDA:32,2,0,0
BRF:3
BRH:0
end_of_record
TN:
SF:components/EducationalResourceCenter.tsx
FN:57,(anonymous_4)
FN:239,(anonymous_5)
FN:242,(anonymous_6)
FN:248,(anonymous_7)
FN:251,(anonymous_8)
FN:256,(anonymous_9)
FN:263,(anonymous_10)
FN:264,(anonymous_11)
FN:267,(anonymous_12)
FN:268,(anonymous_13)
FN:284,(anonymous_15)
FN:291,(anonymous_16)
FN:335,(anonymous_17)
FN:345,(anonymous_18)
FN:358,(anonymous_19)
FN:380,(anonymous_20)
FN:429,(anonymous_21)
FN:432,(anonymous_22)
FN:453,(anonymous_23)
FN:459,(anonymous_24)
FN:462,(anonymous_25)
FN:471,(anonymous_26)
FN:474,(anonymous_27)
FNF:23
FNH:0
FNDA:0,(anonymous_4)
FNDA:0,(anonymous_5)
FNDA:0,(anonymous_6)
FNDA:0,(anonymous_7)
FNDA:0,(anonymous_8)
FNDA:0,(anonymous_9)
FNDA:0,(anonymous_10)
FNDA:0,(anonymous_11)
FNDA:0,(anonymous_12)
FNDA:0,(anonymous_13)
FNDA:0,(anonymous_15)
FNDA:0,(anonymous_16)
FNDA:0,(anonymous_17)
FNDA:0,(anonymous_18)
FNDA:0,(anonymous_19)
FNDA:0,(anonymous_20)
FNDA:0,(anonymous_21)
FNDA:0,(anonymous_22)
FNDA:0,(anonymous_23)
FNDA:0,(anonymous_24)
FNDA:0,(anonymous_25)
FNDA:0,(anonymous_26)
FNDA:0,(anonymous_27)
DA:1,0
DA:57,0
DA:58,0
DA:59,0
DA:60,0
DA:61,0
DA:62,0
DA:64,0
DA:65,0
DA:66,0
DA:67,0
DA:69,0
DA:147,0
DA:194,0
DA:236,0
DA:237,0
DA:239,0
DA:240,0
DA:242,0
DA:243,0
DA:244,0
DA:245,0
DA:248,0
DA:249,0
DA:251,0
DA:252,0
DA:253,0
DA:256,0
DA:257,0
DA:259,0
DA:260,0
DA:263,0
DA:264,0
DA:267,0
DA:268,0
DA:269,0
DA:284,0
DA:285,0
DA:292,0
DA:335,0
DA:345,0
DA:346,0
DA:359,0
DA:380,0
DA:381,0
DA:430,0
DA:432,0
DA:453,0
DA:459,0
DA:463,0
DA:471,0
DA:475,0
DA:594,0
LF:53
LH:0
BRDA:64,0,0,0
BRDA:64,0,1,0
BRDA:65,1,0,0
BRDA:65,1,1,0
BRDA:66,2,0,0
BRDA:66,2,1,0
BRDA:67,3,0,0
BRDA:67,3,1,0
BRDA:240,4,0,0
BRDA:240,4,1,0
BRDA:240,4,2,0
BRDA:243,5,0,0
BRDA:243,5,1,0
BRDA:244,6,0,0
BRDA:244,6,1,0
BRDA:245,7,0,0
BRDA:245,7,1,0
BRDA:245,7,2,0
BRDA:249,8,0,0
BRDA:249,8,1,0
BRDA:249,8,2,0
BRDA:252,9,0,0
BRDA:252,9,1,0
BRDA:253,10,0,0
BRDA:253,10,1,0
BRDA:257,11,0,0
BRDA:257,11,1,0
BRDA:259,12,0,0
BRDA:259,12,1,0
BRDA:260,13,0,0
BRDA:260,13,1,0
BRDA:269,14,0,0
BRDA:269,14,1,0
BRDA:289,15,0,0
BRDA:289,15,1,0
BRDA:292,16,0,0
BRDA:292,16,1,0
BRDA:299,17,0,0
BRDA:299,17,1,0
BRDA:307,18,0,0
BRDA:307,18,1,0
BRDA:315,19,0,0
BRDA:315,19,1,0
BRDA:320,20,0,0
BRDA:331,21,0,0
BRDA:331,21,1,0
BRDA:337,22,0,0
BRDA:337,22,1,0
BRDA:339,23,0,0
BRDA:339,23,1,0
BRDA:347,24,0,0
BRDA:355,25,0,0
BRDA:355,25,1,0
BRDA:359,26,0,0
BRDA:359,26,1,0
BRDA:366,27,0,0
BRDA:366,27,1,0
BRDA:385,28,0,0
BRDA:385,28,1,0
BRDA:388,29,0,0
BRDA:388,29,1,0
BRDA:389,30,0,0
BRDA:389,30,1,0
BRDA:395,31,0,0
BRDA:395,31,1,0
BRDA:404,32,0,0
BRDA:404,32,1,0
BRDA:406,33,0,0
BRDA:406,33,1,0
BRDA:407,34,0,0
BRDA:407,34,1,0
BRDA:417,35,0,0
BRDA:417,35,1,0
BRDA:434,36,0,0
BRDA:434,36,1,0
BRDA:435,37,0,0
BRDA:435,37,1,0
BRDA:436,38,0,0
BRDA:436,38,1,0
BRDA:446,39,0,0
BRDA:464,40,0,0
BRDA:464,40,1,0
BRDA:468,41,0,0
BRDA:476,42,0,0
BRDA:476,42,1,0
BRDA:485,43,0,0
BRDA:491,44,0,0
BRDA:497,45,0,0
BRDA:503,46,0,0
BRDA:507,47,0,0
BRDA:507,47,1,0
BRDA:517,48,0,0
BRDA:517,48,1,0
BRDA:527,49,0,0
BRDA:527,49,1,0
BRDA:537,50,0,0
BRDA:537,50,1,0
BRDA:547,51,0,0
BRDA:547,51,1,0
BRDA:557,52,0,0
BRDA:557,52,1,0
BRDA:568,53,0,0
BRDA:568,53,1,0
BRDA:573,54,0,0
BRDA:573,54,1,0
BRDA:577,55,0,0
BRDA:577,55,1,0
BRDA:581,56,0,0
BRDA:581,56,1,0
BRDA:585,57,0,0
BRDA:585,57,1,0
BRF:111
BRH:0
end_of_record
TN:
SF:components/EnhancedSharkMap.tsx
FN:13,(anonymous_5)
FN:13,(anonymous_6)
FN:13,(anonymous_7)
FN:14,(anonymous_9)
FN:14,(anonymous_10)
FN:14,(anonymous_11)
FN:15,(anonymous_13)
FN:15,(anonymous_14)
FN:15,(anonymous_15)
FN:16,(anonymous_17)
FN:16,(anonymous_18)
FN:16,(anonymous_19)
FN:17,(anonymous_21)
FN:17,(anonymous_22)
FN:17,(anonymous_23)
FN:18,(anonymous_25)
FN:18,(anonymous_26)
FN:18,(anonymous_27)
FN:48,(anonymous_29)
FN:84,(anonymous_30)
FN:90,(anonymous_31)
FN:92,(anonymous_32)
FN:94,(anonymous_33)
FN:99,(anonymous_34)
FN:102,(anonymous_35)
FN:103,(anonymous_36)
FN:118,(anonymous_37)
FN:125,(anonymous_38)
FN:130,(anonymous_39)
FN:143,(anonymous_40)
FN:152,(anonymous_41)
FN:153,(anonymous_42)
FN:159,(anonymous_43)
FN:169,(anonymous_44)
FN:170,(anonymous_45)
FN:173,(anonymous_46)
FN:174,(anonymous_47)
FN:177,(anonymous_48)
FN:178,(anonymous_49)
FN:186,(anonymous_50)
FN:193,(anonymous_51)
FN:202,(anonymous_52)
FN:225,(anonymous_53)
FN:230,(anonymous_54)
FN:235,(anonymous_55)
FN:240,(anonymous_56)
FN:249,(anonymous_57)
FN:256,(anonymous_58)
FN:259,(anonymous_59)
FN:265,(anonymous_60)
FN:301,(anonymous_61)
FN:333,(anonymous_62)
FN:370,(anonymous_63)
FN:388,(anonymous_64)
FN:403,(anonymous_65)
FN:434,(anonymous_66)
FN:477,(anonymous_67)
FN:477,(anonymous_68)
FN:495,(anonymous_69)
FN:505,(anonymous_70)
FN:513,(anonymous_71)
FN:526,(anonymous_72)
FN:549,(anonymous_73)
FN:559,(anonymous_74)
FN:569,(anonymous_75)
FN:585,(anonymous_76)
FN:596,(anonymous_77)
FN:622,(anonymous_78)
FN:628,(anonymous_79)
FN:643,(anonymous_80)
FN:649,(anonymous_81)
FN:662,(anonymous_82)
FN:674,(anonymous_83)
FN:695,(anonymous_84)
FN:705,(anonymous_85)
FN:705,(anonymous_86)
FNF:76
FNH:0
FNDA:0,(anonymous_5)
FNDA:0,(anonymous_6)
FNDA:0,(anonymous_7)
FNDA:0,(anonymous_9)
FNDA:0,(anonymous_10)
FNDA:0,(anonymous_11)
FNDA:0,(anonymous_13)
FNDA:0,(anonymous_14)
FNDA:0,(anonymous_15)
FNDA:0,(anonymous_17)
FNDA:0,(anonymous_18)
FNDA:0,(anonymous_19)
FNDA:0,(anonymous_21)
FNDA:0,(anonymous_22)
FNDA:0,(anonymous_23)
FNDA:0,(anonymous_25)
FNDA:0,(anonymous_26)
FNDA:0,(anonymous_27)
FNDA:0,(anonymous_29)
FNDA:0,(anonymous_30)
FNDA:0,(anonymous_31)
FNDA:0,(anonymous_32)
FNDA:0,(anonymous_33)
FNDA:0,(anonymous_34)
FNDA:0,(anonymous_35)
FNDA:0,(anonymous_36)
FNDA:0,(anonymous_37)
FNDA:0,(anonymous_38)
FNDA:0,(anonymous_39)
FNDA:0,(anonymous_40)
FNDA:0,(anonymous_41)
FNDA:0,(anonymous_42)
FNDA:0,(anonymous_43)
FNDA:0,(anonymous_44)
FNDA:0,(anonymous_45)
FNDA:0,(anonymous_46)
FNDA:0,(anonymous_47)
FNDA:0,(anonymous_48)
FNDA:0,(anonymous_49)
FNDA:0,(anonymous_50)
FNDA:0,(anonymous_51)
FNDA:0,(anonymous_52)
FNDA:0,(anonymous_53)
FNDA:0,(anonymous_54)
FNDA:0,(anonymous_55)
FNDA:0,(anonymous_56)
FNDA:0,(anonymous_57)
FNDA:0,(anonymous_58)
FNDA:0,(anonymous_59)
FNDA:0,(anonymous_60)
FNDA:0,(anonymous_61)
FNDA:0,(anonymous_62)
FNDA:0,(anonymous_63)
FNDA:0,(anonymous_64)
FNDA:0,(anonymous_65)
FNDA:0,(anonymous_66)
FNDA:0,(anonymous_67)
FNDA:0,(anonymous_68)
FNDA:0,(anonymous_69)
FNDA:0,(anonymous_70)
FNDA:0,(anonymous_71)
FNDA:0,(anonymous_72)
FNDA:0,(anonymous_73)
FNDA:0,(anonymous_74)
FNDA:0,(anonymous_75)
FNDA:0,(anonymous_76)
FNDA:0,(anonymous_77)
FNDA:0,(anonymous_78)
FNDA:0,(anonymous_79)
FNDA:0,(anonymous_80)
FNDA:0,(anonymous_81)
FNDA:0,(anonymous_82)
FNDA:0,(anonymous_83)
FNDA:0,(anonymous_84)
FNDA:0,(anonymous_85)
FNDA:0,(anonymous_86)
DA:8,0
DA:9,0
DA:10,0
DA:13,0
DA:14,0
DA:15,0
DA:16,0
DA:17,0
DA:18,0
DA:48,0
DA:59,0
DA:60,0
DA:61,0
DA:62,0
DA:69,0
DA:70,0
DA:71,0
DA:72,0
DA:73,0
DA:74,0
DA:75,0
DA:76,0
DA:79,0
DA:84,0
DA:85,0
DA:86,0
DA:90,0
DA:92,0
DA:93,0
DA:94,0
DA:99,0
DA:101,0
DA:102,0
DA:103,0
DA:104,0
DA:105,0
DA:106,0
DA:108,0
DA:112,0
DA:113,0
DA:114,0
DA:118,0
DA:119,0
DA:120,0
DA:125,0
DA:126,0
DA:128,0
DA:129,0
DA:130,0
DA:131,0
DA:132,0
DA:141,0
DA:142,0
DA:143,0
DA:144,0
DA:146,0
DA:148,0
DA:152,0
DA:153,0
DA:154,0
DA:155,0
DA:156,0
DA:159,0
DA:160,0
DA:161,0
DA:162,0
DA:163,0
DA:165,0
DA:169,0
DA:170,0
DA:173,0
DA:174,0
DA:177,0
DA:178,0
DA:186,0
DA:187,0
DA:189,0
DA:190,0
DA:191,0
DA:193,0
DA:194,0
DA:196,0
DA:202,0
DA:203,0
DA:205,0
DA:210,0
DA:211,0
DA:212,0
DA:213,0
DA:217,0
DA:218,0
DA:221,0
DA:225,0
DA:226,0
DA:229,0
DA:230,0
DA:234,0
DA:235,0
DA:239,0
DA:240,0
DA:241,0
DA:242,0
DA:243,0
DA:248,0
DA:249,0
DA:253,0
DA:256,0
DA:257,0
DA:259,0
DA:260,0
DA:261,0
DA:265,0
DA:266,0
DA:268,0
DA:269,0
DA:270,0
DA:271,0
DA:273,0
DA:274,0
DA:301,0
DA:302,0
DA:303,0
DA:304,0
DA:305,0
DA:306,0
DA:309,0
DA:333,0
DA:334,0
DA:341,0
DA:370,0
DA:388,0
DA:403,0
DA:434,0
DA:477,0
DA:495,0
DA:506,0
DA:507,0
DA:508,0
DA:510,0
DA:513,0
DA:526,0
DA:560,0
DA:561,0
DA:563,0
DA:570,0
DA:572,0
DA:574,0
DA:586,0
DA:596,0
DA:622,0
DA:628,0
DA:644,0
DA:646,0
DA:647,0
DA:649,0
DA:651,0
DA:663,0
DA:675,0
DA:695,0
DA:705,0
DA:722,0
LF:161
LH:0
BRDA:52,0,0,0
BRDA:53,1,0,0
BRDA:54,2,0,0
BRDA:55,3,0,0
BRDA:56,4,0,0
BRDA:57,5,0,0
BRDA:85,6,0,0
BRDA:93,7,0,0
BRDA:101,8,0,0
BRDA:101,8,1,0
BRDA:105,9,0,0
BRDA:112,10,0,0
BRDA:119,11,0,0
BRDA:126,12,0,0
BRDA:126,13,0,0
BRDA:126,13,1,0
BRDA:137,14,0,0
BRDA:137,14,1,0
BRDA:162,15,0,0
BRDA:187,16,0,0
BRDA:187,17,0,0
BRDA:187,17,1,0
BRDA:194,18,0,0
BRDA:203,19,0,0
BRDA:203,20,0,0
BRDA:203,20,1,0
BRDA:210,21,0,0
BRDA:229,22,0,0
BRDA:234,23,0,0
BRDA:239,24,0,0
BRDA:243,25,0,0
BRDA:243,25,1,0
BRDA:257,26,0,0
BRDA:265,27,0,0
BRDA:266,28,0,0
BRDA:270,29,0,0
BRDA:270,29,1,0
BRDA:270,30,0,0
BRDA:270,30,1,0
BRDA:271,31,0,0
BRDA:271,31,1,0
BRDA:273,32,0,0
BRDA:280,33,0,0
BRDA:280,33,1,0
BRDA:289,34,0,0
BRDA:289,34,1,0
BRDA:302,35,0,0
BRDA:303,36,0,0
BRDA:304,37,0,0
BRDA:305,38,0,0
BRDA:315,39,0,0
BRDA:315,39,1,0
BRDA:320,40,0,0
BRDA:320,40,1,0
BRDA:322,41,0,0
BRDA:322,41,1,0
BRDA:359,42,0,0
BRDA:421,43,0,0
BRDA:421,43,1,0
BRDA:453,44,0,0
BRDA:453,44,1,0
BRDA:455,45,0,0
BRDA:455,45,1,0
BRDA:490,46,0,0
BRDA:490,46,1,0
BRDA:497,47,0,0
BRDA:497,47,1,0
BRDA:507,48,0,0
BRDA:507,48,1,0
BRDA:515,49,0,0
BRDA:515,49,1,0
BRDA:522,50,0,0
BRDA:522,50,1,0
BRDA:536,51,0,0
BRDA:570,52,0,0
BRDA:570,52,1,0
BRDA:570,53,0,0
BRDA:570,53,1,0
BRDA:582,54,0,0
BRDA:591,55,0,0
BRDA:608,56,0,0
BRDA:608,56,1,0
BRDA:608,57,0,0
BRDA:608,57,1,0
BRDA:610,58,0,0
BRDA:613,59,0,0
BRDA:616,60,0,0
BRDA:565,61,0,0
BRDA:565,61,1,0
BRDA:643,62,0,0
BRDA:643,62,1,0
BRDA:644,63,0,0
BRDA:647,64,0,0
BRDA:662,65,0,0
BRDA:662,65,1,0
BRDA:674,66,0,0
BRDA:674,66,1,0
BRDA:693,67,0,0
BRDA:698,68,0,0
BRDA:705,69,0,0
BRDA:705,69,1,0
BRDA:708,70,0,0
BRDA:708,70,1,0
BRDA:710,71,0,0
BRF:104
BRH:0
end_of_record
TN:
SF:components/ErrorBoundary.tsx
FN:33,(anonymous_10)
FN:80,(anonymous_11)
FN:41,(anonymous_12)
FN:47,(anonymous_13)
FN:91,(anonymous_14)
FN:188,(anonymous_16)
FN:217,(anonymous_17)
FN:337,withErrorBoundary
FNF:8
FNH:0
FNDA:0,(anonymous_10)
FNDA:0,(anonymous_11)
FNDA:0,(anonymous_12)
FNDA:0,(anonymous_13)
FNDA:0,(anonymous_14)
FNDA:0,(anonymous_16)
FNDA:0,(anonymous_17)
FNDA:0,withErrorBoundary
DA:8,0
DA:9,0
DA:10,0
DA:30,0
DA:31,0
DA:34,0
DA:35,0
DA:42,0
DA:51,0
DA:52,0
DA:54,0
DA:65,0
DA:68,0
DA:71,0
DA:77,0
DA:80,0
DA:81,0
DA:82,0
DA:92,0
DA:94,0
DA:95,0
DA:103,0
DA:133,0
DA:146,0
DA:189,0
DA:217,0
DA:250,0
DA:303,0
DA:337,0
DA:348,0
DA:350,0
DA:353,0
LF:32
LH:0
BRDA:81,0,0,0
BRDA:51,1,0,0
BRDA:51,1,1,0
BRDA:92,2,0,0
BRDA:92,3,0,0
BRDA:92,3,1,0
BRDA:94,4,0,0
BRDA:98,5,0,0
BRDA:98,5,1,0
BRDA:109,6,0,0
BRDA:109,6,1,0
BRDA:117,7,0,0
BRDA:117,7,1,0
BRDA:125,8,0,0
BRDA:125,8,1,0
BRDA:182,9,0,0
BRDA:198,10,0,0
BRDA:233,11,0,0
BRDA:269,12,0,0
BRDA:287,13,0,0
BRDA:315,14,0,0
BRDA:339,15,0,0
BRDA:348,16,0,0
BRDA:348,16,1,0
BRF:24
BRH:0
end_of_record
TN:
SF:components/HeadMeta.tsx
FN:12,HeadMeta
FNF:1
FNH:1
FNDA:50,HeadMeta
DA:1,1
DA:2,1
DA:12,50
DA:19,50
DA:20,50
DA:21,50
DA:22,50
DA:24,50
DA:25,50
DA:26,50
DA:27,50
DA:28,50
DA:29,50
DA:30,50
LF:14
LH:14
BRDA:12,0,0,0
BRDA:17,1,0,45
BRDA:24,2,0,50
BRDA:24,2,1,42
BRDA:25,3,0,50
BRDA:25,3,1,44
BRDA:26,4,0,50
BRDA:26,4,1,47
BRDA:28,5,0,50
BRDA:28,5,1,46
BRDA:44,6,0,50
BRF:11
BRH:10
end_of_record
TN:
SF:components/HistoricalDataCycler.tsx
FN:34,(anonymous_4)
FN:54,(anonymous_5)
FN:54,(anonymous_6)
FN:69,(anonymous_7)
FN:110,(anonymous_8)
FN:115,(anonymous_9)
FN:127,(anonymous_10)
FN:130,(anonymous_11)
FN:131,(anonymous_12)
FN:138,(anonymous_13)
FN:146,(anonymous_14)
FN:159,(anonymous_15)
FN:164,(anonymous_16)
FN:165,(anonymous_17)
FN:169,(anonymous_18)
FN:171,(anonymous_19)
FN:172,(anonymous_20)
FN:192,(anonymous_21)
FN:210,(anonymous_22)
FN:219,(anonymous_23)
FN:226,(anonymous_24)
FN:227,(anonymous_25)
FN:231,(anonymous_26)
FN:251,(anonymous_27)
FN:252,(anonymous_28)
FN:258,(anonymous_29)
FN:266,(anonymous_30)
FN:297,(anonymous_31)
FN:316,(anonymous_32)
FN:320,(anonymous_33)
FN:375,(anonymous_34)
FN:414,(anonymous_35)
FN:428,(anonymous_36)
FN:431,(anonymous_37)
FN:431,(anonymous_38)
FN:442,(anonymous_39)
FN:456,(anonymous_40)
FN:457,(anonymous_41)
FN:458,(anonymous_42)
FN:467,(anonymous_43)
FN:468,(anonymous_44)
FN:469,(anonymous_45)
FNF:42
FNH:0
FNDA:0,(anonymous_4)
FNDA:0,(anonymous_5)
FNDA:0,(anonymous_6)
FNDA:0,(anonymous_7)
FNDA:0,(anonymous_8)
FNDA:0,(anonymous_9)
FNDA:0,(anonymous_10)
FNDA:0,(anonymous_11)
FNDA:0,(anonymous_12)
FNDA:0,(anonymous_13)
FNDA:0,(anonymous_14)
FNDA:0,(anonymous_15)
FNDA:0,(anonymous_16)
FNDA:0,(anonymous_17)
FNDA:0,(anonymous_18)
FNDA:0,(anonymous_19)
FNDA:0,(anonymous_20)
FNDA:0,(anonymous_21)
FNDA:0,(anonymous_22)
FNDA:0,(anonymous_23)
FNDA:0,(anonymous_24)
FNDA:0,(anonymous_25)
FNDA:0,(anonymous_26)
FNDA:0,(anonymous_27)
FNDA:0,(anonymous_28)
FNDA:0,(anonymous_29)
FNDA:0,(anonymous_30)
FNDA:0,(anonymous_31)
FNDA:0,(anonymous_32)
FNDA:0,(anonymous_33)
FNDA:0,(anonymous_34)
FNDA:0,(anonymous_35)
FNDA:0,(anonymous_36)
FNDA:0,(anonymous_37)
FNDA:0,(anonymous_38)
FNDA:0,(anonymous_39)
FNDA:0,(anonymous_40)
FNDA:0,(anonymous_41)
FNDA:0,(anonymous_42)
FNDA:0,(anonymous_43)
FNDA:0,(anonymous_44)
FNDA:0,(anonymous_45)
DA:9,0
DA:10,0
DA:34,0
DA:44,0
DA:45,0
DA:46,0
DA:47,0
DA:48,0
DA:50,0
DA:51,0
DA:54,0
DA:55,0
DA:56,0
DA:64,0
DA:65,0
DA:66,0
DA:68,0
DA:69,0
DA:70,0
DA:71,0
DA:74,0
DA:75,0
DA:76,0
DA:77,0
DA:80,0
DA:83,0
DA:85,0
DA:88,0
DA:89,0
DA:91,0
DA:106,0
DA:110,0
DA:111,0
DA:115,0
DA:116,0
DA:117,0
DA:118,0
DA:119,0
DA:121,0
DA:122,0
DA:127,0
DA:128,0
DA:130,0
DA:131,0
DA:132,0
DA:133,0
DA:134,0
DA:138,0
DA:139,0
DA:140,0
DA:146,0
DA:147,0
DA:149,0
DA:150,0
DA:152,0
DA:153,0
DA:154,0
DA:155,0
DA:156,0
DA:159,0
DA:161,0
DA:164,0
DA:165,0
DA:166,0
DA:168,0
DA:169,0
DA:170,0
DA:171,0
DA:172,0
DA:173,0
DA:184,0
DA:188,0
DA:192,0
DA:193,0
DA:198,0
DA:201,0
DA:205,0
DA:210,0
DA:215,0
DA:219,0
DA:225,0
DA:226,0
DA:227,0
DA:231,0
DA:232,0
DA:234,0
DA:246,0
DA:251,0
DA:252,0
DA:258,0
DA:264,0
DA:267,0
DA:269,0
DA:272,0
DA:276,0
DA:286,0
DA:294,0
DA:297,0
DA:298,0
DA:301,0
DA:305,0
DA:316,0
DA:317,0
DA:320,0
DA:321,0
DA:322,0
DA:325,0
DA:340,0
DA:428,0
DA:431,0
DA:432,0
DA:442,0
DA:457,0
DA:458,0
DA:459,0
DA:468,0
DA:469,0
DA:470,0
DA:480,0
LF:119
LH:0
BRDA:35,0,0,0
BRDA:36,1,0,0
BRDA:37,2,0,0
BRDA:38,3,0,0
BRDA:39,4,0,0
BRDA:40,5,0,0
BRDA:42,6,0,0
BRDA:71,7,0,0
BRDA:128,8,0,0
BRDA:128,9,0,0
BRDA:128,9,1,0
BRDA:132,10,0,0
BRDA:132,10,1,0
BRDA:139,11,0,0
BRDA:147,12,0,0
BRDA:147,13,0,0
BRDA:147,13,1,0
BRDA:147,13,2,0
BRDA:161,14,0,0
BRDA:170,15,0,0
BRDA:171,16,0,0
BRDA:171,16,1,0
BRDA:172,17,0,0
BRDA:172,17,1,0
BRDA:227,18,0,0
BRDA:227,18,1,0
BRDA:232,19,0,0
BRDA:252,20,0,0
BRDA:252,20,1,0
BRDA:269,21,0,0
BRDA:269,21,1,0
BRDA:284,22,0,0
BRDA:284,22,1,0
BRDA:325,23,0,0
BRDA:340,24,0,0
BRDA:361,25,0,0
BRDA:361,25,1,0
BRDA:402,26,0,0
BRDA:402,26,1,0
BRDA:403,27,0,0
BRDA:403,27,1,0
BRDA:458,28,0,0
BRDA:458,28,1,0
BRDA:469,29,0,0
BRDA:469,29,1,0
BRDA:470,30,0,0
BRDA:470,30,1,0
BRF:47
BRH:0
end_of_record
TN:
SF:components/LayerControls.tsx
FN:29,(anonymous_5)
FN:79,(anonymous_6)
FN:83,(anonymous_7)
FN:89,(anonymous_8)
FN:101,(anonymous_9)
FN:133,(anonymous_10)
FN:142,(anonymous_11)
FN:162,(anonymous_12)
FN:168,(anonymous_13)
FN:174,(anonymous_14)
FN:184,(anonymous_15)
FN:196,(anonymous_16)
FN:212,(anonymous_17)
FN:225,(anonymous_18)
FN:243,(anonymous_19)
FN:261,(anonymous_20)
FN:273,(anonymous_21)
FN:285,(anonymous_22)
FN:286,(anonymous_23)
FNF:19
FNH:0
FNDA:0,(anonymous_5)
FNDA:0,(anonymous_6)
FNDA:0,(anonymous_7)
FNDA:0,(anonymous_8)
FNDA:0,(anonymous_9)
FNDA:0,(anonymous_10)
FNDA:0,(anonymous_11)
FNDA:0,(anonymous_12)
FNDA:0,(anonymous_13)
FNDA:0,(anonymous_14)
FNDA:0,(anonymous_15)
FNDA:0,(anonymous_16)
FNDA:0,(anonymous_17)
FNDA:0,(anonymous_18)
FNDA:0,(anonymous_19)
FNDA:0,(anonymous_20)
FNDA:0,(anonymous_21)
FNDA:0,(anonymous_22)
FNDA:0,(anonymous_23)
DA:3,0
DA:29,0
DA:37,0
DA:38,0
DA:41,0
DA:79,0
DA:80,0
DA:83,0
DA:84,0
DA:85,0
DA:87,0
DA:89,0
DA:101,0
DA:133,0
DA:143,0
DA:144,0
DA:145,0
DA:162,0
DA:168,0
DA:174,0
DA:185,0
DA:196,0
DA:212,0
DA:225,0
DA:243,0
DA:262,0
DA:263,0
DA:264,0
DA:265,0
DA:266,0
DA:274,0
DA:275,0
DA:276,0
DA:277,0
DA:278,0
DA:286,0
DA:287,0
DA:569,0
LF:38
LH:0
BRDA:35,0,0,0
BRDA:88,1,0,0
BRDA:88,1,1,0
BRDA:104,2,0,0
BRDA:104,2,1,0
BRDA:110,3,0,0
BRDA:303,4,0,0
BRDA:303,4,1,0
BRDA:307,5,0,0
BRDA:307,5,1,0
BRDA:324,6,0,0
BRDA:324,6,1,0
BRDA:339,7,0,0
BRDA:339,7,1,0
BRDA:345,8,0,0
BRDA:345,8,1,0
BRDA:353,9,0,0
BRDA:353,9,1,0
BRDA:374,10,0,0
BRDA:374,10,1,0
BRDA:384,11,0,0
BRDA:384,11,1,0
BRDA:392,12,0,0
BRDA:392,12,1,0
BRDA:393,13,0,0
BRDA:393,13,1,0
BRDA:399,14,0,0
BRDA:399,14,1,0
BRDA:404,15,0,0
BRDA:404,15,1,0
BRDA:408,16,0,0
BRDA:408,16,1,0
BRDA:409,17,0,0
BRDA:409,17,1,0
BRDA:433,18,0,0
BRDA:433,18,1,0
BRDA:439,19,0,0
BRDA:439,19,1,0
BRDA:456,20,0,0
BRDA:456,20,1,0
BRDA:491,21,0,0
BRDA:491,21,1,0
BRDA:507,22,0,0
BRDA:507,22,1,0
BRDA:515,23,0,0
BRDA:515,23,1,0
BRDA:516,24,0,0
BRDA:516,24,1,0
BRDA:517,25,0,0
BRDA:517,25,1,0
BRDA:522,26,0,0
BRDA:522,26,1,0
BRDA:529,27,0,0
BRDA:529,27,1,0
BRDA:531,28,0,0
BRDA:531,28,1,0
BRDA:537,29,0,0
BRDA:537,29,1,0
BRDA:546,30,0,0
BRDA:546,30,1,0
BRDA:553,31,0,0
BRDA:553,31,1,0
BRDA:554,32,0,0
BRDA:554,32,1,0
BRDA:562,33,0,0
BRDA:562,33,1,0
BRDA:123,34,0,0
BRDA:123,34,1,0
BRDA:123,35,0,0
BRDA:123,35,1,0
BRDA:134,36,0,0
BRDA:134,36,1,0
BRDA:136,37,0,0
BRDA:136,37,1,0
BRDA:140,38,0,0
BRDA:143,39,0,0
BRDA:156,40,0,0
BRDA:161,41,0,0
BRDA:161,41,1,0
BRDA:167,42,0,0
BRDA:167,42,1,0
BRDA:173,43,0,0
BRDA:173,43,1,0
BRDA:182,44,0,0
BRDA:190,45,0,0
BRDA:233,46,0,0
BRF:86
BRH:0
end_of_record
TN:
SF:components/Layout.tsx
FN:23,(anonymous_2)
FNF:1
FNH:1
FNDA:8,(anonymous_2)
DA:8,1
DA:9,1
DA:23,1
DA:46,8
LF:4
LH:4
BRDA:29,0,0,8
BRDA:30,1,0,8
BRDA:31,2,0,8
BRDA:32,3,0,8
BRF:4
BRH:4
end_of_record
TN:
SF:components/MarineBiodiversityAI.tsx
FN:40,(anonymous_5)
FN:53,(anonymous_6)
FN:54,(anonymous_7)
FN:65,(anonymous_8)
FN:67,(anonymous_9)
FN:130,(anonymous_10)
FN:152,(anonymous_11)
FN:159,(anonymous_12)
FN:173,(anonymous_13)
FN:184,(anonymous_14)
FN:191,(anonymous_15)
FN:198,(anonymous_16)
FN:214,(anonymous_17)
FN:225,(anonymous_18)
FN:338,(anonymous_19)
FN:339,(anonymous_20)
FN:343,(anonymous_21)
FN:346,(anonymous_22)
FN:362,(anonymous_23)
FN:372,(anonymous_24)
FN:407,(anonymous_25)
FN:410,(anonymous_26)
FN:528,(anonymous_27)
FN:542,(anonymous_28)
FN:556,(anonymous_29)
FNF:25
FNH:0
FNDA:0,(anonymous_5)
FNDA:0,(anonymous_6)
FNDA:0,(anonymous_7)
FNDA:0,(anonymous_8)
FNDA:0,(anonymous_9)
FNDA:0,(anonymous_10)
FNDA:0,(anonymous_11)
FNDA:0,(anonymous_12)
FNDA:0,(anonymous_13)
FNDA:0,(anonymous_14)
FNDA:0,(anonymous_15)
FNDA:0,(anonymous_16)
FNDA:0,(anonymous_17)
FNDA:0,(anonymous_18)
FNDA:0,(anonymous_19)
FNDA:0,(anonymous_20)
FNDA:0,(anonymous_21)
FNDA:0,(anonymous_22)
FNDA:0,(anonymous_23)
FNDA:0,(anonymous_24)
FNDA:0,(anonymous_25)
FNDA:0,(anonymous_26)
FNDA:0,(anonymous_27)
FNDA:0,(anonymous_28)
FNDA:0,(anonymous_29)
DA:6,0
DA:15,0
DA:40,0
DA:41,0
DA:42,0
DA:43,0
DA:44,0
DA:45,0
DA:46,0
DA:48,0
DA:49,0
DA:50,0
DA:53,0
DA:54,0
DA:55,0
DA:56,0
DA:58,0
DA:59,0
DA:65,0
DA:67,0
DA:70,0
DA:115,0
DA:117,0
DA:130,0
DA:131,0
DA:132,0
DA:133,0
DA:136,0
DA:137,0
DA:138,0
DA:142,0
DA:143,0
DA:146,0
DA:147,0
DA:148,0
DA:149,0
DA:152,0
DA:153,0
DA:154,0
DA:155,0
DA:159,0
DA:160,0
DA:161,0
DA:164,0
DA:165,0
DA:166,0
DA:169,0
DA:173,0
DA:174,0
DA:175,0
DA:176,0
DA:177,0
DA:179,0
DA:180,0
DA:182,0
DA:183,0
DA:184,0
DA:185,0
DA:186,0
DA:187,0
DA:188,0
DA:190,0
DA:191,0
DA:198,0
DA:199,0
DA:201,0
DA:202,0
DA:204,0
DA:205,0
DA:206,0
DA:208,0
DA:210,0
DA:214,0
DA:215,0
DA:216,0
DA:217,0
DA:218,0
DA:219,0
DA:220,0
DA:221,0
DA:225,0
DA:338,0
DA:340,0
DA:341,0
DA:344,0
DA:347,0
DA:348,0
DA:349,0
DA:350,0
DA:363,0
DA:364,0
DA:373,0
DA:374,0
DA:408,0
DA:409,0
DA:410,0
DA:529,0
DA:543,0
DA:557,0
DA:583,0
DA:585,0
LF:101
LH:0
BRDA:55,0,0,0
BRDA:58,1,0,0
BRDA:131,2,0,0
BRDA:136,3,0,0
BRDA:142,4,0,0
BRDA:154,5,0,0
BRDA:164,6,0,0
BRDA:174,7,0,0
BRDA:174,8,0,0
BRDA:174,8,1,0
BRDA:182,9,0,0
BRDA:185,10,0,0
BRDA:199,11,0,0
BRDA:215,12,0,0
BRDA:215,12,1,0
BRDA:215,12,2,0
BRDA:215,12,3,0
BRDA:215,12,4,0
BRDA:215,12,5,0
BRDA:335,13,0,0
BRDA:350,14,0,0
BRDA:421,15,0,0
BRDA:434,16,0,0
BRDA:448,17,0,0
BRDA:457,18,0,0
BRDA:508,19,0,0
BRDA:516,20,0,0
BRF:27
BRH:0
end_of_record
TN:
SF:components/MarineGallery.tsx
FN:28,(anonymous_5)
FN:150,(anonymous_6)
FN:152,(anonymous_7)
FN:155,(anonymous_8)
FN:159,(anonymous_9)
FN:163,(anonymous_10)
FN:168,(anonymous_11)
FN:173,(anonymous_12)
FN:182,(anonymous_13)
FN:659,(anonymous_14)
FN:664,(anonymous_15)
FN:668,(anonymous_16)
FN:679,(anonymous_17)
FN:683,(anonymous_18)
FN:715,(anonymous_19)
FN:739,(anonymous_20)
FN:772,(anonymous_21)
FNF:17
FNH:0
FNDA:0,(anonymous_5)
FNDA:0,(anonymous_6)
FNDA:0,(anonymous_7)
FNDA:0,(anonymous_8)
FNDA:0,(anonymous_9)
FNDA:0,(anonymous_10)
FNDA:0,(anonymous_11)
FNDA:0,(anonymous_12)
FNDA:0,(anonymous_13)
FNDA:0,(anonymous_14)
FNDA:0,(anonymous_15)
FNDA:0,(anonymous_16)
FNDA:0,(anonymous_17)
FNDA:0,(anonymous_18)
FNDA:0,(anonymous_19)
FNDA:0,(anonymous_20)
FNDA:0,(anonymous_21)
DA:6,0
DA:28,0
DA:34,0
DA:35,0
DA:36,0
DA:37,0
DA:40,0
DA:139,0
DA:150,0
DA:152,0
DA:153,0
DA:155,0
DA:158,0
DA:160,0
DA:161,0
DA:162,0
DA:163,0
DA:164,0
DA:168,0
DA:169,0
DA:170,0
DA:173,0
DA:174,0
DA:175,0
DA:178,0
DA:183,0
DA:659,0
DA:665,0
DA:668,0
DA:680,0
DA:683,0
DA:716,0
DA:739,0
DA:773,0
DA:785,0
LF:35
LH:0
BRDA:29,0,0,0
BRDA:30,1,0,0
BRDA:31,2,0,0
BRDA:32,3,0,0
BRDA:160,4,0,0
BRDA:160,5,0,0
BRDA:160,5,1,0
BRDA:161,6,0,0
BRDA:161,7,0,0
BRDA:161,7,1,0
BRDA:162,8,0,0
BRDA:162,9,0,0
BRDA:162,9,1,0
BRDA:162,9,2,0
BRDA:178,10,0,0
BRDA:650,11,0,0
BRDA:667,12,0,0
BRDA:667,12,1,0
BRDA:685,13,0,0
BRDA:724,14,0,0
BRDA:737,15,0,0
BRF:21
BRH:0
end_of_record
TN:
SF:components/MarineHeatwaveAlerts.tsx
FN:17,(anonymous_4)
FN:29,(anonymous_5)
FN:30,(anonymous_6)
FN:51,(anonymous_7)
FN:54,(anonymous_8)
FN:72,(anonymous_9)
FN:79,(anonymous_10)
FN:83,(anonymous_11)
FN:92,(anonymous_12)
FN:102,(anonymous_13)
FN:171,(anonymous_14)
FN:229,(anonymous_15)
FN:274,(anonymous_16)
FN:281,(anonymous_17)
FN:358,(anonymous_18)
FN:391,(anonymous_19)
FN:402,(anonymous_20)
FNF:17
FNH:0
FNDA:0,(anonymous_4)
FNDA:0,(anonymous_5)
FNDA:0,(anonymous_6)
FNDA:0,(anonymous_7)
FNDA:0,(anonymous_8)
FNDA:0,(anonymous_9)
FNDA:0,(anonymous_10)
FNDA:0,(anonymous_11)
FNDA:0,(anonymous_12)
FNDA:0,(anonymous_13)
FNDA:0,(anonymous_14)
FNDA:0,(anonymous_15)
FNDA:0,(anonymous_16)
FNDA:0,(anonymous_17)
FNDA:0,(anonymous_18)
FNDA:0,(anonymous_19)
FNDA:0,(anonymous_20)
DA:8,0
DA:9,0
DA:17,0
DA:22,0
DA:23,0
DA:24,0
DA:25,0
DA:26,0
DA:27,0
DA:29,0
DA:30,0
DA:31,0
DA:32,0
DA:33,0
DA:38,0
DA:39,0
DA:41,0
DA:43,0
DA:47,0
DA:50,0
DA:51,0
DA:54,0
DA:55,0
DA:56,0
DA:58,0
DA:59,0
DA:60,0
DA:69,0
DA:70,0
DA:71,0
DA:72,0
DA:75,0
DA:79,0
DA:80,0
DA:83,0
DA:84,0
DA:85,0
DA:86,0
DA:87,0
DA:89,0
DA:92,0
DA:93,0
DA:94,0
DA:95,0
DA:96,0
DA:97,0
DA:98,0
DA:102,0
DA:103,0
DA:104,0
DA:105,0
DA:106,0
DA:107,0
DA:108,0
DA:112,0
DA:172,0
DA:229,0
DA:275,0
DA:277,0
DA:281,0
DA:358,0
DA:392,0
DA:402,0
DA:417,0
LF:64
LH:0
BRDA:19,0,0,0
BRDA:20,1,0,0
BRDA:34,2,0,0
BRDA:34,2,1,0
BRDA:35,3,0,0
BRDA:35,3,1,0
BRDA:56,4,0,0
BRDA:62,5,0,0
BRDA:62,5,1,0
BRDA:69,6,0,0
BRDA:69,6,1,0
BRDA:70,7,0,0
BRDA:84,8,0,0
BRDA:84,8,1,0
BRDA:86,9,0,0
BRDA:93,10,0,0
BRDA:93,10,1,0
BRDA:93,10,2,0
BRDA:93,10,3,0
BRDA:93,10,4,0
BRDA:103,11,0,0
BRDA:103,11,1,0
BRDA:103,11,2,0
BRDA:103,11,3,0
BRDA:103,11,4,0
BRDA:112,12,0,0
BRDA:136,13,0,0
BRDA:136,13,1,0
BRDA:239,14,0,0
BRDA:239,14,1,0
BRDA:243,15,0,0
BRDA:249,16,0,0
BRDA:260,17,0,0
BRDA:260,17,1,0
BRDA:264,18,0,0
BRDA:268,19,0,0
BRDA:268,19,1,0
BRDA:328,20,0,0
BRDA:351,21,0,0
BRF:39
BRH:0
end_of_record
TN:
SF:components/MarineLifeTracker.tsx
FN:23,(anonymous_4)
FN:37,(anonymous_5)
FN:167,(anonymous_6)
FN:169,(anonymous_7)
FN:170,(anonymous_8)
FN:183,(anonymous_9)
FN:191,(anonymous_10)
FN:214,(anonymous_11)
FN:220,(anonymous_12)
FN:226,(anonymous_13)
FN:247,(anonymous_14)
FN:250,(anonymous_15)
FN:261,(anonymous_16)
FN:263,(anonymous_17)
FN:355,(anonymous_18)
FN:369,(anonymous_19)
FN:379,(anonymous_20)
FN:390,(anonymous_21)
FN:391,(anonymous_22)
FN:418,(anonymous_23)
FN:434,(anonymous_24)
FN:442,(anonymous_25)
FN:448,(anonymous_26)
FN:468,(anonymous_27)
FN:480,(anonymous_28)
FN:524,(anonymous_29)
FNF:26
FNH:0
FNDA:0,(anonymous_4)
FNDA:0,(anonymous_5)
FNDA:0,(anonymous_6)
FNDA:0,(anonymous_7)
FNDA:0,(anonymous_8)
FNDA:0,(anonymous_9)
FNDA:0,(anonymous_10)
FNDA:0,(anonymous_11)
FNDA:0,(anonymous_12)
FNDA:0,(anonymous_13)
FNDA:0,(anonymous_14)
FNDA:0,(anonymous_15)
FNDA:0,(anonymous_16)
FNDA:0,(anonymous_17)
FNDA:0,(anonymous_18)
FNDA:0,(anonymous_19)
FNDA:0,(anonymous_20)
FNDA:0,(anonymous_21)
FNDA:0,(anonymous_22)
FNDA:0,(anonymous_23)
FNDA:0,(anonymous_24)
FNDA:0,(anonymous_25)
FNDA:0,(anonymous_26)
FNDA:0,(anonymous_27)
FNDA:0,(anonymous_28)
FNDA:0,(anonymous_29)
DA:1,0
DA:2,0
DA:23,0
DA:27,0
DA:28,0
DA:29,0
DA:30,0
DA:31,0
DA:32,0
DA:33,0
DA:34,0
DA:37,0
DA:38,0
DA:163,0
DA:167,0
DA:168,0
DA:169,0
DA:170,0
DA:171,0
DA:172,0
DA:174,0
DA:176,0
DA:178,0
DA:179,0
DA:183,0
DA:184,0
DA:185,0
DA:191,0
DA:192,0
DA:193,0
DA:195,0
DA:196,0
DA:198,0
DA:199,0
DA:201,0
DA:202,0
DA:203,0
DA:205,0
DA:206,0
DA:208,0
DA:211,0
DA:214,0
DA:215,0
DA:216,0
DA:217,0
DA:220,0
DA:221,0
DA:226,0
DA:228,0
DA:229,0
DA:232,0
DA:247,0
DA:248,0
DA:249,0
DA:250,0
DA:251,0
DA:253,0
DA:254,0
DA:255,0
DA:256,0
DA:257,0
DA:261,0
DA:263,0
DA:270,0
DA:281,0
DA:284,0
DA:285,0
DA:286,0
DA:288,0
DA:289,0
DA:290,0
DA:291,0
DA:292,0
DA:294,0
DA:298,0
DA:299,0
DA:300,0
DA:301,0
DA:302,0
DA:304,0
DA:305,0
DA:307,0
DA:308,0
DA:309,0
DA:313,0
DA:314,0
DA:318,0
DA:322,0
DA:323,0
DA:324,0
DA:327,0
DA:328,0
DA:329,0
DA:330,0
DA:331,0
DA:335,0
DA:336,0
DA:337,0
DA:338,0
DA:340,0
DA:341,0
DA:344,0
DA:345,0
DA:346,0
DA:347,0
DA:348,0
DA:349,0
DA:350,0
DA:355,0
DA:356,0
DA:357,0
DA:358,0
DA:359,0
DA:361,0
DA:362,0
DA:363,0
DA:364,0
DA:369,0
DA:370,0
DA:371,0
DA:372,0
DA:373,0
DA:374,0
DA:375,0
DA:379,0
DA:380,0
DA:381,0
DA:382,0
DA:383,0
DA:384,0
DA:385,0
DA:386,0
DA:390,0
DA:391,0
DA:392,0
DA:393,0
DA:394,0
DA:397,0
DA:401,0
DA:402,0
DA:418,0
DA:434,0
DA:443,0
DA:448,0
DA:468,0
DA:480,0
DA:525,0
DA:571,0
LF:148
LH:0
BRDA:168,0,0,0
BRDA:168,0,1,0
BRDA:172,1,0,0
BRDA:172,1,1,0
BRDA:178,2,0,0
BRDA:184,3,0,0
BRDA:193,4,0,0
BRDA:193,5,0,0
BRDA:193,5,1,0
BRDA:196,6,0,0
BRDA:198,7,0,0
BRDA:198,7,1,0
BRDA:215,8,0,0
BRDA:215,8,1,0
BRDA:216,9,0,0
BRDA:216,9,1,0
BRDA:217,10,0,0
BRDA:217,10,1,0
BRDA:228,11,0,0
BRDA:228,11,1,0
BRDA:255,12,0,0
BRDA:255,12,1,0
BRDA:288,13,0,0
BRDA:322,14,0,0
BRDA:322,15,0,0
BRDA:322,15,1,0
BRDA:329,16,0,0
BRDA:329,17,0,0
BRDA:329,17,1,0
BRDA:335,18,0,0
BRDA:361,19,0,0
BRDA:361,20,0,0
BRDA:361,20,1,0
BRDA:370,21,0,0
BRDA:370,21,1,0
BRDA:370,21,2,0
BRDA:370,21,3,0
BRDA:370,21,4,0
BRDA:380,22,0,0
BRDA:380,22,1,0
BRDA:380,22,2,0
BRDA:380,22,3,0
BRDA:380,22,4,0
BRDA:380,22,5,0
BRDA:392,23,0,0
BRDA:392,23,1,0
BRDA:393,24,0,0
BRDA:393,24,1,0
BRDA:394,25,0,0
BRDA:394,25,1,0
BRDA:397,26,0,0
BRDA:397,26,1,0
BRDA:401,27,0,0
BRDA:401,27,1,0
BRDA:402,28,0,0
BRDA:402,28,1,0
BRDA:420,29,0,0
BRDA:420,29,1,0
BRDA:436,30,0,0
BRDA:436,30,1,0
BRDA:450,31,0,0
BRDA:450,31,1,0
BRDA:455,32,0,0
BRDA:455,32,1,0
BRDA:462,33,0,0
BRDA:462,33,1,0
BRDA:466,34,0,0
BRDA:466,34,1,0
BRDA:472,35,0,0
BRDA:472,35,1,0
BRDA:478,36,0,0
BRDA:478,36,1,0
BRDA:480,37,0,0
BRDA:480,37,1,0
BRDA:493,38,0,0
BRDA:495,39,0,0
BRDA:495,39,1,0
BRDA:512,40,0,0
BRDA:512,40,1,0
BRDA:527,41,0,0
BRDA:527,41,1,0
BRF:81
BRH:0
end_of_record
TN:
SF:components/NotificationManager.tsx
FN:41,(anonymous_4)
FN:53,(anonymous_5)
FN:57,(anonymous_6)
FN:84,(anonymous_7)
FN:111,(anonymous_8)
FN:174,(anonymous_9)
FN:175,(anonymous_10)
FN:181,(anonymous_11)
FN:191,(anonymous_12)
FN:201,(anonymous_13)
FN:280,(anonymous_14)
FN:301,(anonymous_15)
FN:326,(anonymous_16)
FN:353,(anonymous_17)
FNF:14
FNH:0
FNDA:0,(anonymous_4)
FNDA:0,(anonymous_5)
FNDA:0,(anonymous_6)
FNDA:0,(anonymous_7)
FNDA:0,(anonymous_8)
FNDA:0,(anonymous_9)
FNDA:0,(anonymous_10)
FNDA:0,(anonymous_11)
FNDA:0,(anonymous_12)
FNDA:0,(anonymous_13)
FNDA:0,(anonymous_14)
FNDA:0,(anonymous_15)
FNDA:0,(anonymous_16)
FNDA:0,(anonymous_17)
DA:1,0
DA:2,0
DA:41,0
DA:45,0
DA:46,0
DA:47,0
DA:48,0
DA:49,0
DA:50,0
DA:51,0
DA:53,0
DA:54,0
DA:57,0
DA:58,0
DA:59,0
DA:60,0
DA:62,0
DA:63,0
DA:66,0
DA:67,0
DA:70,0
DA:71,0
DA:73,0
DA:74,0
DA:75,0
DA:78,0
DA:80,0
DA:84,0
DA:85,0
DA:86,0
DA:87,0
DA:95,0
DA:97,0
DA:98,0
DA:99,0
DA:101,0
DA:104,0
DA:105,0
DA:107,0
DA:111,0
DA:112,0
DA:113,0
DA:114,0
DA:117,0
DA:118,0
DA:119,0
DA:147,0
DA:158,0
DA:160,0
DA:161,0
DA:162,0
DA:164,0
DA:167,0
DA:168,0
DA:170,0
DA:174,0
DA:175,0
DA:181,0
DA:182,0
DA:183,0
DA:184,0
DA:185,0
DA:186,0
DA:187,0
DA:191,0
DA:192,0
DA:193,0
DA:194,0
DA:195,0
DA:196,0
DA:197,0
DA:201,0
DA:202,0
DA:203,0
DA:204,0
DA:205,0
DA:206,0
DA:207,0
DA:211,0
DA:215,0
DA:216,0
DA:217,0
DA:280,0
DA:301,0
DA:327,0
DA:353,0
DA:401,0
LF:87
LH:0
BRDA:51,0,0,0
BRDA:51,0,1,0
BRDA:62,1,0,0
BRDA:66,2,0,0
BRDA:73,3,0,0
BRDA:97,4,0,0
BRDA:97,4,1,0
BRDA:112,5,0,0
BRDA:160,6,0,0
BRDA:160,6,1,0
BRDA:160,7,0,0
BRDA:160,7,1,0
BRDA:164,8,0,0
BRDA:164,8,1,0
BRDA:182,9,0,0
BRDA:182,9,1,0
BRDA:182,9,2,0
BRDA:182,9,3,0
BRDA:182,9,4,0
BRDA:192,10,0,0
BRDA:192,10,1,0
BRDA:192,10,2,0
BRDA:192,10,3,0
BRDA:192,10,4,0
BRDA:202,11,0,0
BRDA:202,11,1,0
BRDA:202,11,2,0
BRDA:202,11,3,0
BRDA:202,11,4,0
BRDA:211,12,0,0
BRDA:211,12,1,0
BRDA:215,13,0,0
BRDA:215,13,1,0
BRDA:216,14,0,0
BRDA:216,14,1,0
BRDA:217,15,0,0
BRDA:217,15,1,0
BRDA:234,16,0,0
BRDA:234,16,1,0
BRDA:240,17,0,0
BRDA:242,18,0,0
BRDA:242,18,1,0
BRDA:246,19,0,0
BRDA:246,19,1,0
BRDA:250,20,0,0
BRDA:250,20,1,0
BRDA:254,21,0,0
BRDA:254,21,1,0
BRDA:258,22,0,0
BRDA:258,22,1,0
BRDA:262,23,0,0
BRDA:262,23,1,0
BRDA:266,24,0,0
BRDA:266,24,1,0
BRDA:286,25,0,0
BRDA:286,25,1,0
BRDA:312,26,0,0
BRDA:320,27,0,0
BRDA:320,27,1,0
BRDA:334,28,0,0
BRDA:342,29,0,0
BRDA:347,30,0,0
BRDA:357,31,0,0
BRDA:365,32,0,0
BRDA:367,33,0,0
BRDA:381,34,0,0
BRDA:389,35,0,0
BRDA:389,35,1,0
BRF:68
BRH:0
end_of_record
TN:
SF:components/OceanHealthScoring.tsx
FN:28,(anonymous_4)
FN:98,(anonymous_5)
FN:99,(anonymous_6)
FN:111,(anonymous_7)
FN:113,(anonymous_8)
FN:121,(anonymous_9)
FN:131,(anonymous_10)
FN:132,(anonymous_11)
FN:133,(anonymous_12)
FN:154,(anonymous_13)
FN:181,(anonymous_14)
FN:184,(anonymous_15)
FN:229,(anonymous_16)
FN:263,(anonymous_17)
FN:273,(anonymous_18)
FN:283,(anonymous_19)
FN:324,(anonymous_20)
FN:332,(anonymous_21)
FN:341,(anonymous_22)
FN:368,(anonymous_23)
FN:376,(anonymous_24)
FN:428,(anonymous_25)
FN:476,(anonymous_26)
FN:476,(anonymous_27)
FNF:24
FNH:0
FNDA:0,(anonymous_4)
FNDA:0,(anonymous_5)
FNDA:0,(anonymous_6)
FNDA:0,(anonymous_7)
FNDA:0,(anonymous_8)
FNDA:0,(anonymous_9)
FNDA:0,(anonymous_10)
FNDA:0,(anonymous_11)
FNDA:0,(anonymous_12)
FNDA:0,(anonymous_13)
FNDA:0,(anonymous_14)
FNDA:0,(anonymous_15)
FNDA:0,(anonymous_16)
FNDA:0,(anonymous_17)
FNDA:0,(anonymous_18)
FNDA:0,(anonymous_19)
FNDA:0,(anonymous_20)
FNDA:0,(anonymous_21)
FNDA:0,(anonymous_22)
FNDA:0,(anonymous_23)
FNDA:0,(anonymous_24)
FNDA:0,(anonymous_25)
FNDA:0,(anonymous_26)
FNDA:0,(anonymous_27)
DA:1,0
DA:2,0
DA:28,0
DA:32,0
DA:33,0
DA:34,0
DA:35,0
DA:36,0
DA:37,0
DA:40,0
DA:98,0
DA:99,0
DA:100,0
DA:111,0
DA:113,0
DA:121,0
DA:122,0
DA:125,0
DA:129,0
DA:131,0
DA:132,0
DA:133,0
DA:136,0
DA:146,0
DA:147,0
DA:150,0
DA:154,0
DA:155,0
DA:156,0
DA:158,0
DA:159,0
DA:161,0
DA:162,0
DA:164,0
DA:165,0
DA:166,0
DA:168,0
DA:169,0
DA:171,0
DA:174,0
DA:175,0
DA:176,0
DA:179,0
DA:181,0
DA:184,0
DA:186,0
DA:189,0
DA:192,0
DA:193,0
DA:194,0
DA:195,0
DA:196,0
DA:199,0
DA:203,0
DA:204,0
DA:205,0
DA:206,0
DA:207,0
DA:210,0
DA:211,0
DA:212,0
DA:213,0
DA:219,0
DA:220,0
DA:223,0
DA:224,0
DA:225,0
DA:226,0
DA:227,0
DA:229,0
DA:230,0
DA:231,0
DA:232,0
DA:233,0
DA:236,0
DA:237,0
DA:238,0
DA:239,0
DA:242,0
DA:243,0
DA:246,0
DA:250,0
DA:251,0
DA:254,0
DA:255,0
DA:256,0
DA:257,0
DA:263,0
DA:264,0
DA:265,0
DA:266,0
DA:267,0
DA:268,0
DA:269,0
DA:273,0
DA:274,0
DA:275,0
DA:276,0
DA:277,0
DA:278,0
DA:279,0
DA:283,0
DA:284,0
DA:288,0
DA:292,0
DA:296,0
DA:297,0
DA:299,0
DA:324,0
DA:333,0
DA:341,0
DA:369,0
DA:376,0
DA:429,0
DA:476,0
DA:477,0
DA:493,0
LF:117
LH:0
BRDA:30,0,0,0
BRDA:36,1,0,0
BRDA:36,1,1,0
BRDA:125,2,0,0
BRDA:125,2,1,0
BRDA:126,3,0,0
BRDA:126,3,1,0
BRDA:127,4,0,0
BRDA:127,4,1,0
BRDA:130,5,0,0
BRDA:130,5,1,0
BRDA:131,6,0,0
BRDA:131,6,1,0
BRDA:132,7,0,0
BRDA:132,7,1,0
BRDA:133,8,0,0
BRDA:133,8,1,0
BRDA:156,9,0,0
BRDA:156,10,0,0
BRDA:156,10,1,0
BRDA:159,11,0,0
BRDA:161,12,0,0
BRDA:161,12,1,0
BRDA:179,13,0,0
BRDA:179,13,1,0
BRDA:184,14,0,0
BRDA:184,14,1,0
BRDA:186,15,0,0
BRDA:192,16,0,0
BRDA:192,16,1,0
BRDA:199,17,0,0
BRDA:199,17,1,0
BRDA:200,18,0,0
BRDA:200,18,1,0
BRDA:201,19,0,0
BRDA:201,19,1,0
BRDA:210,20,0,0
BRDA:210,20,1,0
BRDA:223,21,0,0
BRDA:237,22,0,0
BRDA:237,22,1,0
BRDA:242,23,0,0
BRDA:242,23,1,0
BRDA:246,24,0,0
BRDA:246,24,1,0
BRDA:247,25,0,0
BRDA:247,25,1,0
BRDA:248,26,0,0
BRDA:248,26,1,0
BRDA:255,27,0,0
BRDA:255,27,1,0
BRDA:264,28,0,0
BRDA:264,28,1,0
BRDA:264,28,2,0
BRDA:264,28,3,0
BRDA:264,28,4,0
BRDA:274,29,0,0
BRDA:274,29,1,0
BRDA:274,29,2,0
BRDA:274,29,3,0
BRDA:274,29,4,0
BRDA:284,30,0,0
BRDA:292,31,0,0
BRDA:292,31,1,0
BRDA:296,32,0,0
BRDA:296,32,1,0
BRDA:297,33,0,0
BRDA:297,33,1,0
BRDA:299,34,0,0
BRDA:303,35,0,0
BRDA:303,35,1,0
BRDA:304,36,0,0
BRDA:304,36,1,0
BRDA:326,37,0,0
BRDA:326,37,1,0
BRDA:343,38,0,0
BRDA:343,38,1,0
BRDA:372,39,0,0
BRDA:372,39,1,0
BRDA:374,40,0,0
BRDA:374,40,1,0
BRDA:375,41,0,0
BRDA:375,41,1,0
BRDA:392,42,0,0
BRDA:392,42,1,0
BRDA:395,43,0,0
BRDA:395,43,1,0
BRDA:396,44,0,0
BRDA:396,44,1,0
BRDA:397,45,0,0
BRDA:397,45,1,0
BRDA:418,46,0,0
BRDA:418,46,1,0
BRDA:431,47,0,0
BRDA:431,47,1,0
BRDA:471,48,0,0
BRDA:480,49,0,0
BRDA:480,49,1,0
BRF:98
BRH:0
end_of_record
TN:
SF:components/OceanMap.tsx
FN:14,(anonymous_2)
FN:29,(anonymous_3)
FN:154,TemperatureHeatmap
FN:157,(anonymous_5)
FN:163,(anonymous_6)
FN:179,(anonymous_7)
FN:180,(anonymous_8)
FN:190,MarineHeatwaveOverlay
FN:193,(anonymous_10)
FN:194,(anonymous_11)
FN:205,(anonymous_12)
FN:219,(anonymous_13)
FN:220,(anonymous_14)
FN:230,MapControls
FN:271,ProfessionalLegend
FN:285,(anonymous_17)
FN:322,OceanMap
FN:337,(anonymous_19)
FN:338,(anonymous_20)
FN:339,(anonymous_21)
FN:341,(anonymous_22)
FN:345,(anonymous_23)
FN:351,(anonymous_24)
FN:362,(anonymous_25)
FN:363,(anonymous_26)
FN:915,(anonymous_27)
FN:926,(anonymous_28)
FN:1034,(anonymous_29)
FN:1036,(anonymous_30)
FNF:29
FNH:0
FNDA:0,(anonymous_2)
FNDA:0,(anonymous_3)
FNDA:0,TemperatureHeatmap
FNDA:0,(anonymous_5)
FNDA:0,(anonymous_6)
FNDA:0,(anonymous_7)
FNDA:0,(anonymous_8)
FNDA:0,MarineHeatwaveOverlay
FNDA:0,(anonymous_10)
FNDA:0,(anonymous_11)
FNDA:0,(anonymous_12)
FNDA:0,(anonymous_13)
FNDA:0,(anonymous_14)
FNDA:0,MapControls
FNDA:0,ProfessionalLegend
FNDA:0,(anonymous_17)
FNDA:0,OceanMap
FNDA:0,(anonymous_19)
FNDA:0,(anonymous_20)
FNDA:0,(anonymous_21)
FNDA:0,(anonymous_22)
FNDA:0,(anonymous_23)
FNDA:0,(anonymous_24)
FNDA:0,(anonymous_25)
FNDA:0,(anonymous_26)
FNDA:0,(anonymous_27)
FNDA:0,(anonymous_28)
FNDA:0,(anonymous_29)
FNDA:0,(anonymous_30)
DA:1,0
DA:2,0
DA:3,0
DA:6,0
DA:7,0
DA:14,0
DA:29,0
DA:30,0
DA:31,0
DA:33,0
DA:34,0
DA:35,0
DA:37,0
DA:38,0
DA:40,0
DA:41,0
DA:43,0
DA:46,0
DA:48,0
DA:49,0
DA:50,0
DA:51,0
DA:53,0
DA:54,0
DA:55,0
DA:58,0
DA:155,0
DA:157,0
DA:158,0
DA:161,0
DA:163,0
DA:164,0
DA:165,0
DA:174,0
DA:175,0
DA:179,0
DA:180,0
DA:181,0
DA:186,0
DA:191,0
DA:193,0
DA:194,0
DA:195,0
DA:198,0
DA:201,0
DA:204,0
DA:205,0
DA:206,0
DA:215,0
DA:216,0
DA:219,0
DA:220,0
DA:221,0
DA:226,0
DA:286,0
DA:322,0
DA:331,0
DA:332,0
DA:333,0
DA:334,0
DA:337,0
DA:338,0
DA:339,0
DA:341,0
DA:345,0
DA:346,0
DA:351,0
DA:352,0
DA:353,0
DA:354,0
DA:355,0
DA:357,0
DA:362,0
DA:363,0
DA:916,0
DA:926,0
DA:1034,0
DA:1036,0
LF:78
LH:0
BRDA:14,0,0,0
BRDA:30,1,0,0
BRDA:30,1,1,0
BRDA:31,2,0,0
BRDA:31,2,1,0
BRDA:33,3,0,0
BRDA:33,3,1,0
BRDA:37,4,0,0
BRDA:37,4,1,0
BRDA:38,5,0,0
BRDA:38,5,1,0
BRDA:38,6,0,0
BRDA:38,6,1,0
BRDA:41,7,0,0
BRDA:41,7,1,0
BRDA:41,8,0,0
BRDA:41,8,1,0
BRDA:48,9,0,0
BRDA:48,9,1,0
BRDA:62,10,0,0
BRDA:62,10,1,0
BRDA:62,11,0,0
BRDA:62,11,1,0
BRDA:84,12,0,0
BRDA:84,12,1,0
BRDA:104,13,0,0
BRDA:104,13,1,0
BRDA:108,14,0,0
BRDA:108,14,1,0
BRDA:158,15,0,0
BRDA:158,16,0,0
BRDA:158,16,1,0
BRDA:164,17,0,0
BRDA:164,18,0,0
BRDA:164,18,1,0
BRDA:195,19,0,0
BRDA:195,19,1,0
BRDA:195,19,2,0
BRDA:198,20,0,0
BRDA:204,21,0,0
BRDA:246,22,0,0
BRDA:246,22,1,0
BRDA:260,23,0,0
BRDA:260,23,1,0
BRDA:264,24,0,0
BRDA:264,24,1,0
BRDA:273,25,0,0
BRDA:273,25,1,0
BRDA:326,26,0,0
BRDA:327,27,0,0
BRDA:328,28,0,0
BRDA:329,29,0,0
BRDA:346,30,0,0
BRDA:346,30,1,0
BRDA:346,30,2,0
BRDA:353,31,0,0
BRDA:354,32,0,0
BRDA:354,32,1,0
BRDA:362,33,0,0
BRDA:362,33,1,0
BRDA:363,34,0,0
BRDA:363,34,1,0
BRDA:363,34,2,0
BRDA:396,35,0,0
BRDA:396,35,1,0
BRDA:366,36,0,0
BRDA:366,36,1,0
BRDA:366,37,0,0
BRDA:366,37,1,0
BRDA:900,38,0,0
BRDA:900,38,1,0
BRDA:933,39,0,0
BRDA:933,39,1,0
BRDA:933,40,0,0
BRDA:933,40,1,0
BRDA:933,40,2,0
BRDA:934,41,0,0
BRDA:934,41,1,0
BRDA:934,42,0,0
BRDA:934,42,1,0
BRDA:934,42,2,0
BRDA:935,43,0,0
BRDA:935,43,1,0
BRDA:956,44,0,0
BRDA:960,45,0,0
BRDA:960,45,1,0
BRDA:961,46,0,0
BRDA:961,46,1,0
BRDA:962,47,0,0
BRDA:962,47,1,0
BRDA:971,48,0,0
BRDA:971,48,1,0
BRDA:976,49,0,0
BRDA:976,49,1,0
BRDA:978,50,0,0
BRDA:978,50,1,0
BRDA:979,51,0,0
BRDA:979,51,1,0
BRDA:980,52,0,0
BRDA:980,52,1,0
BRDA:986,53,0,0
BRDA:995,54,0,0
BRDA:995,54,1,0
BRDA:1004,55,0,0
BRDA:1004,55,1,0
BRDA:1013,56,0,0
BRDA:1044,57,0,0
BRDA:1048,58,0,0
BRDA:1048,58,1,0
BRF:109
BRH:0
end_of_record
TN:
SF:components/OptimizedImage.tsx
FN:24,(anonymous_4)
FN:42,(anonymous_5)
FN:48,(anonymous_6)
FN:49,(anonymous_7)
FN:61,(anonymous_8)
FN:69,(anonymous_9)
FN:75,(anonymous_10)
FN:82,(anonymous_11)
FN:94,(anonymous_12)
FNF:9
FNH:9
FNDA:49,(anonymous_4)
FNDA:36,(anonymous_5)
FNDA:33,(anonymous_6)
FNDA:33,(anonymous_7)
FNDA:34,(anonymous_8)
FNDA:4,(anonymous_9)
FNDA:5,(anonymous_10)
FNDA:44,(anonymous_11)
FNDA:49,(anonymous_12)
DA:8,1
DA:9,1
DA:24,1
DA:36,49
DA:37,49
DA:38,49
DA:39,49
DA:42,49
DA:43,36
DA:44,2
DA:45,2
DA:48,34
DA:49,33
DA:50,33
DA:51,33
DA:52,33
DA:57,34
DA:58,34
DA:61,34
DA:62,34
DA:63,0
DA:69,49
DA:70,4
DA:71,4
DA:75,49
DA:76,5
DA:77,5
DA:78,5
DA:82,49
DA:83,44
DA:85,6
DA:86,6
DA:88,4
DA:89,4
DA:94,49
DA:95,49
DA:96,49
DA:99,49
DA:100,49
DA:101,1
DA:102,48
DA:103,1
DA:106,49
DA:112,49
DA:115,49
DA:189,44
LF:46
LH:45
BRDA:27,0,0,4
BRDA:29,1,0,47
BRDA:30,2,0,44
BRDA:31,3,0,48
BRDA:32,4,0,48
BRDA:43,5,0,2
BRDA:43,6,0,36
BRDA:43,6,1,34
BRDA:50,7,0,33
BRDA:57,8,0,34
BRDA:57,9,0,34
BRDA:57,9,1,34
BRDA:62,10,0,0
BRDA:62,11,0,34
BRDA:62,11,1,34
BRDA:83,12,0,38
BRDA:96,13,0,44
BRDA:96,13,1,5
BRDA:96,14,0,49
BRDA:96,14,1,44
BRDA:100,15,0,1
BRDA:100,15,1,48
BRDA:102,16,0,1
BRDA:108,17,0,49
BRDA:108,17,1,5
BRDA:115,18,0,5
BRDA:143,19,0,44
BRDA:169,20,0,40
BRDA:169,20,1,4
BRDA:170,21,0,2
BRDA:170,21,1,42
BRDA:172,22,0,2
BRDA:172,22,1,42
BRDA:182,23,0,44
BRF:34
BRH:33
end_of_record
TN:
SF:components/PageLayout.tsx
FN:155,(anonymous_11)
FN:384,(anonymous_14)
FNF:2
FNH:0
FNDA:0,(anonymous_11)
FNDA:0,(anonymous_14)
DA:8,0
DA:37,0
DA:98,0
DA:120,0
DA:155,0
DA:163,0
DA:176,0
DA:182,0
DA:200,0
DA:215,0
DA:231,0
DA:245,0
DA:292,0
DA:329,0
DA:385,0
LF:15
LH:0
BRDA:91,0,0,0
BRDA:98,1,0,0
BRDA:120,2,0,0
BRDA:120,3,0,0
BRDA:148,4,0,0
BRDA:148,4,1,0
BRDA:159,5,0,0
BRDA:160,6,0,0
BRDA:161,7,0,0
BRDA:245,8,0,0
BRDA:245,8,1,0
BRDA:259,9,0,0
BRDA:259,9,1,0
BRDA:259,10,0,0
BRDA:259,10,1,0
BRDA:268,11,0,0
BRDA:268,11,1,0
BRDA:268,12,0,0
BRDA:268,12,1,0
BRDA:276,13,0,0
BRDA:276,13,1,0
BRDA:276,14,0,0
BRDA:276,14,1,0
BRDA:276,15,0,0
BRDA:276,15,1,0
BRDA:292,16,0,0
BRDA:292,17,0,0
BRDA:292,18,0,0
BRDA:298,19,0,0
BRDA:298,19,1,0
BRDA:298,20,0,0
BRDA:298,20,1,0
BRDA:388,21,0,0
BRDA:389,22,0,0
BRDA:389,22,1,0
BRF:35
BRH:0
end_of_record
TN:
SF:components/PollutionDetection.tsx
FN:35,(anonymous_4)
FN:47,(anonymous_5)
FN:183,(anonymous_6)
FN:206,(anonymous_7)
FN:212,(anonymous_8)
FN:218,(anonymous_9)
FN:243,(anonymous_10)
FN:246,(anonymous_11)
FN:255,(anonymous_12)
FN:314,(anonymous_13)
FN:328,(anonymous_14)
FN:338,(anonymous_15)
FN:349,(anonymous_16)
FN:355,(anonymous_17)
FN:356,(anonymous_18)
FN:389,(anonymous_19)
FN:409,(anonymous_20)
FN:424,(anonymous_21)
FN:448,(anonymous_22)
FN:471,(anonymous_23)
FN:572,(anonymous_24)
FNF:21
FNH:0
FNDA:0,(anonymous_4)
FNDA:0,(anonymous_5)
FNDA:0,(anonymous_6)
FNDA:0,(anonymous_7)
FNDA:0,(anonymous_8)
FNDA:0,(anonymous_9)
FNDA:0,(anonymous_10)
FNDA:0,(anonymous_11)
FNDA:0,(anonymous_12)
FNDA:0,(anonymous_13)
FNDA:0,(anonymous_14)
FNDA:0,(anonymous_15)
FNDA:0,(anonymous_16)
FNDA:0,(anonymous_17)
FNDA:0,(anonymous_18)
FNDA:0,(anonymous_19)
FNDA:0,(anonymous_20)
FNDA:0,(anonymous_21)
FNDA:0,(anonymous_22)
FNDA:0,(anonymous_23)
FNDA:0,(anonymous_24)
DA:1,0
DA:2,0
DA:35,0
DA:39,0
DA:40,0
DA:41,0
DA:42,0
DA:43,0
DA:44,0
DA:47,0
DA:48,0
DA:179,0
DA:183,0
DA:184,0
DA:185,0
DA:187,0
DA:188,0
DA:190,0
DA:191,0
DA:193,0
DA:194,0
DA:195,0
DA:197,0
DA:198,0
DA:200,0
DA:203,0
DA:206,0
DA:207,0
DA:208,0
DA:209,0
DA:212,0
DA:213,0
DA:218,0
DA:220,0
DA:221,0
DA:224,0
DA:225,0
DA:226,0
DA:228,0
DA:243,0
DA:244,0
DA:245,0
DA:246,0
DA:247,0
DA:249,0
DA:250,0
DA:251,0
DA:255,0
DA:257,0
DA:258,0
DA:261,0
DA:262,0
DA:263,0
DA:266,0
DA:277,0
DA:284,0
DA:287,0
DA:288,0
DA:289,0
DA:290,0
DA:293,0
DA:294,0
DA:295,0
DA:298,0
DA:299,0
DA:300,0
DA:301,0
DA:304,0
DA:305,0
DA:306,0
DA:307,0
DA:308,0
DA:309,0
DA:310,0
DA:314,0
DA:315,0
DA:316,0
DA:317,0
DA:318,0
DA:319,0
DA:320,0
DA:321,0
DA:322,0
DA:323,0
DA:324,0
DA:328,0
DA:329,0
DA:330,0
DA:331,0
DA:332,0
DA:333,0
DA:334,0
DA:338,0
DA:339,0
DA:340,0
DA:341,0
DA:342,0
DA:343,0
DA:344,0
DA:345,0
DA:349,0
DA:350,0
DA:351,0
DA:352,0
DA:355,0
DA:356,0
DA:358,0
DA:362,0
DA:363,0
DA:389,0
DA:409,0
DA:424,0
DA:448,0
DA:472,0
DA:573,0
DA:588,0
LF:116
LH:0
BRDA:185,0,0,0
BRDA:185,1,0,0
BRDA:185,1,1,0
BRDA:188,2,0,0
BRDA:190,3,0,0
BRDA:190,3,1,0
BRDA:207,4,0,0
BRDA:207,4,1,0
BRDA:208,5,0,0
BRDA:208,5,1,0
BRDA:209,6,0,0
BRDA:209,6,1,0
BRDA:220,7,0,0
BRDA:220,7,1,0
BRDA:224,8,0,0
BRDA:224,8,1,0
BRDA:225,9,0,0
BRDA:225,9,1,0
BRDA:294,10,0,0
BRDA:294,10,1,0
BRDA:304,11,0,0
BRDA:304,12,0,0
BRDA:304,12,1,0
BRDA:315,13,0,0
BRDA:315,13,1,0
BRDA:315,13,2,0
BRDA:315,13,3,0
BRDA:315,13,4,0
BRDA:315,13,5,0
BRDA:315,13,6,0
BRDA:315,13,7,0
BRDA:315,13,8,0
BRDA:329,14,0,0
BRDA:329,14,1,0
BRDA:329,14,2,0
BRDA:329,14,3,0
BRDA:329,14,4,0
BRDA:339,15,0,0
BRDA:339,15,1,0
BRDA:339,15,2,0
BRDA:339,15,3,0
BRDA:339,15,4,0
BRDA:339,15,5,0
BRDA:350,16,0,0
BRDA:350,16,1,0
BRDA:351,17,0,0
BRDA:351,17,1,0
BRDA:352,18,0,0
BRDA:352,18,1,0
BRDA:358,19,0,0
BRDA:358,19,1,0
BRDA:362,20,0,0
BRDA:362,20,1,0
BRDA:363,21,0,0
BRDA:363,21,1,0
BRDA:372,22,0,0
BRDA:379,23,0,0
BRDA:379,23,1,0
BRDA:381,24,0,0
BRDA:381,24,1,0
BRDA:391,25,0,0
BRDA:391,25,1,0
BRDA:411,26,0,0
BRDA:411,26,1,0
BRDA:426,27,0,0
BRDA:426,27,1,0
BRDA:431,28,0,0
BRDA:431,28,1,0
BRDA:438,29,0,0
BRDA:438,29,1,0
BRDA:442,30,0,0
BRDA:442,30,1,0
BRDA:446,31,0,0
BRDA:446,31,1,0
BRDA:452,32,0,0
BRDA:452,32,1,0
BRDA:475,33,0,0
BRDA:475,33,1,0
BRDA:477,34,0,0
BRDA:477,34,1,0
BRDA:486,35,0,0
BRDA:538,36,0,0
BRDA:538,36,1,0
BRDA:548,37,0,0
BRDA:548,37,1,0
BRDA:558,38,0,0
BRDA:558,38,1,0
BRDA:568,39,0,0
BRF:88
BRH:0
end_of_record
TN:
SF:components/PredictiveAnalytics.tsx
FN:28,(anonymous_4)
FN:49,(anonymous_5)
FN:54,(anonymous_6)
FN:60,(anonymous_7)
FN:64,(anonymous_8)
FN:96,(anonymous_9)
FN:124,(anonymous_10)
FN:134,(anonymous_11)
FN:182,(anonymous_12)
FN:186,(anonymous_13)
FN:193,(anonymous_14)
FN:202,(anonymous_15)
FN:275,(anonymous_16)
FN:285,(anonymous_17)
FN:314,(anonymous_18)
FN:372,(anonymous_19)
FN:373,(anonymous_20)
FN:394,(anonymous_21)
FN:439,(anonymous_22)
FNF:19
FNH:0
FNDA:0,(anonymous_4)
FNDA:0,(anonymous_5)
FNDA:0,(anonymous_6)
FNDA:0,(anonymous_7)
FNDA:0,(anonymous_8)
FNDA:0,(anonymous_9)
FNDA:0,(anonymous_10)
FNDA:0,(anonymous_11)
FNDA:0,(anonymous_12)
FNDA:0,(anonymous_13)
FNDA:0,(anonymous_14)
FNDA:0,(anonymous_15)
FNDA:0,(anonymous_16)
FNDA:0,(anonymous_17)
FNDA:0,(anonymous_18)
FNDA:0,(anonymous_19)
FNDA:0,(anonymous_20)
FNDA:0,(anonymous_21)
FNDA:0,(anonymous_22)
DA:1,0
DA:2,0
DA:28,0
DA:32,0
DA:33,0
DA:34,0
DA:35,0
DA:36,0
DA:38,0
DA:49,0
DA:50,0
DA:51,0
DA:54,0
DA:55,0
DA:56,0
DA:60,0
DA:61,0
DA:64,0
DA:65,0
DA:68,0
DA:69,0
DA:70,0
DA:71,0
DA:73,0
DA:74,0
DA:78,0
DA:79,0
DA:80,0
DA:81,0
DA:84,0
DA:95,0
DA:96,0
DA:100,0
DA:105,0
DA:106,0
DA:108,0
DA:120,0
DA:121,0
DA:124,0
DA:125,0
DA:134,0
DA:135,0
DA:136,0
DA:138,0
DA:139,0
DA:142,0
DA:143,0
DA:144,0
DA:146,0
DA:147,0
DA:148,0
DA:151,0
DA:152,0
DA:155,0
DA:156,0
DA:159,0
DA:160,0
DA:161,0
DA:162,0
DA:163,0
DA:164,0
DA:168,0
DA:169,0
DA:170,0
DA:171,0
DA:172,0
DA:173,0
DA:177,0
DA:178,0
DA:179,0
DA:181,0
DA:182,0
DA:183,0
DA:184,0
DA:185,0
DA:186,0
DA:187,0
DA:188,0
DA:190,0
DA:191,0
DA:192,0
DA:193,0
DA:194,0
DA:195,0
DA:198,0
DA:199,0
DA:202,0
DA:203,0
DA:204,0
DA:205,0
DA:207,0
DA:208,0
DA:212,0
DA:213,0
DA:214,0
DA:215,0
DA:216,0
DA:217,0
DA:218,0
DA:219,0
DA:220,0
DA:221,0
DA:223,0
DA:226,0
DA:227,0
DA:230,0
DA:231,0
DA:232,0
DA:233,0
DA:234,0
DA:235,0
DA:236,0
DA:237,0
DA:239,0
DA:242,0
DA:245,0
DA:246,0
DA:247,0
DA:248,0
DA:249,0
DA:250,0
DA:251,0
DA:255,0
DA:256,0
DA:257,0
DA:258,0
DA:259,0
DA:260,0
DA:262,0
DA:263,0
DA:264,0
DA:265,0
DA:267,0
DA:268,0
DA:271,0
DA:275,0
DA:276,0
DA:277,0
DA:278,0
DA:279,0
DA:280,0
DA:281,0
DA:285,0
DA:286,0
DA:292,0
DA:296,0
DA:297,0
DA:298,0
DA:314,0
DA:373,0
DA:374,0
DA:376,0
DA:395,0
DA:440,0
DA:478,0
LF:155
LH:0
BRDA:55,0,0,0
BRDA:78,1,0,0
BRDA:78,1,1,0
BRDA:79,2,0,0
BRDA:79,2,1,0
BRDA:80,3,0,0
BRDA:80,3,1,0
BRDA:100,4,0,0
BRDA:100,4,1,0
BRDA:101,5,0,0
BRDA:101,5,1,0
BRDA:102,6,0,0
BRDA:102,6,1,0
BRDA:136,7,0,0
BRDA:136,8,0,0
BRDA:136,8,1,0
BRDA:139,9,0,0
BRDA:151,10,0,0
BRDA:151,10,1,0
BRDA:155,11,0,0
BRDA:155,11,1,0
BRDA:181,12,0,0
BRDA:181,12,1,0
BRDA:185,13,0,0
BRDA:185,13,1,0
BRDA:192,14,0,0
BRDA:204,15,0,0
BRDA:204,15,1,0
BRDA:212,16,0,0
BRDA:212,16,1,0
BRDA:213,17,0,0
BRDA:213,17,1,0
BRDA:214,18,0,0
BRDA:214,18,1,0
BRDA:215,19,0,0
BRDA:215,19,1,0
BRDA:217,20,0,0
BRDA:217,20,1,0
BRDA:218,21,0,0
BRDA:218,21,1,0
BRDA:219,22,0,0
BRDA:219,22,1,0
BRDA:220,23,0,0
BRDA:220,23,1,0
BRDA:230,24,0,0
BRDA:230,24,1,0
BRDA:234,25,0,0
BRDA:234,25,1,0
BRDA:236,26,0,0
BRDA:236,26,1,0
BRDA:262,27,0,0
BRDA:262,27,1,0
BRDA:264,28,0,0
BRDA:264,28,1,0
BRDA:268,29,0,0
BRDA:268,29,1,0
BRDA:276,30,0,0
BRDA:276,30,1,0
BRDA:276,30,2,0
BRDA:276,30,3,0
BRDA:276,30,4,0
BRDA:286,31,0,0
BRDA:286,32,0,0
BRDA:286,32,1,0
BRDA:292,33,0,0
BRDA:292,33,1,0
BRDA:296,34,0,0
BRDA:296,34,1,0
BRDA:297,35,0,0
BRDA:297,35,1,0
BRDA:298,36,0,0
BRDA:298,36,1,0
BRDA:324,37,0,0
BRDA:330,38,0,0
BRDA:333,39,0,0
BRDA:335,40,0,0
BRDA:335,40,1,0
BRDA:341,41,0,0
BRDA:341,41,1,0
BRDA:347,42,0,0
BRDA:347,42,1,0
BRDA:353,43,0,0
BRDA:353,43,1,0
BRDA:366,44,0,0
BRDA:366,44,1,0
BRDA:397,45,0,0
BRDA:397,45,1,0
BRDA:444,46,0,0
BRDA:444,46,1,0
BRDA:453,47,0,0
BRDA:453,47,1,0
BRF:91
BRH:0
end_of_record
TN:
SF:components/RealTimeStatus.tsx
FN:18,(anonymous_4)
FN:33,(anonymous_5)
FN:38,(anonymous_6)
FN:43,(anonymous_7)
FN:44,(anonymous_8)
FN:45,(anonymous_9)
FN:52,(anonymous_10)
FN:62,(anonymous_11)
FN:72,(anonymous_12)
FN:82,(anonymous_13)
FN:90,(anonymous_14)
FN:100,(anonymous_15)
FN:110,(anonymous_16)
FN:142,(anonymous_17)
FN:183,(anonymous_18)
FN:224,(anonymous_19)
FN:269,(anonymous_20)
FN:293,(anonymous_21)
FNF:18
FNH:0
FNDA:0,(anonymous_4)
FNDA:0,(anonymous_5)
FNDA:0,(anonymous_6)
FNDA:0,(anonymous_7)
FNDA:0,(anonymous_8)
FNDA:0,(anonymous_9)
FNDA:0,(anonymous_10)
FNDA:0,(anonymous_11)
FNDA:0,(anonymous_12)
FNDA:0,(anonymous_13)
FNDA:0,(anonymous_14)
FNDA:0,(anonymous_15)
FNDA:0,(anonymous_16)
FNDA:0,(anonymous_17)
FNDA:0,(anonymous_18)
FNDA:0,(anonymous_19)
FNDA:0,(anonymous_20)
FNDA:0,(anonymous_21)
DA:1,0
DA:2,0
DA:3,0
DA:18,0
DA:22,0
DA:30,0
DA:31,0
DA:33,0
DA:35,0
DA:38,0
DA:39,0
DA:43,0
DA:44,0
DA:45,0
DA:50,0
DA:52,0
DA:59,0
DA:62,0
DA:69,0
DA:72,0
DA:79,0
DA:82,0
DA:86,0
DA:90,0
DA:91,0
DA:92,0
DA:93,0
DA:94,0
DA:95,0
DA:96,0
DA:100,0
DA:101,0
DA:102,0
DA:103,0
DA:104,0
DA:105,0
DA:106,0
DA:110,0
DA:111,0
DA:112,0
DA:113,0
DA:115,0
DA:116,0
DA:117,0
DA:118,0
DA:121,0
DA:125,0
DA:126,0
DA:128,0
DA:142,0
DA:183,0
DA:225,0
DA:270,0
DA:294,0
DA:330,0
LF:55
LH:0
BRDA:20,0,0,0
BRDA:50,1,0,0
BRDA:50,1,1,0
BRDA:50,1,2,0
BRDA:50,1,3,0
BRDA:91,2,0,0
BRDA:91,2,1,0
BRDA:91,2,2,0
BRDA:91,2,3,0
BRDA:91,2,4,0
BRDA:101,3,0,0
BRDA:101,3,1,0
BRDA:101,3,2,0
BRDA:101,3,3,0
BRDA:101,3,4,0
BRDA:115,4,0,0
BRDA:116,5,0,0
BRDA:117,6,0,0
BRDA:121,7,0,0
BRDA:121,7,1,0
BRDA:125,8,0,0
BRDA:125,8,1,0
BRDA:126,9,0,0
BRDA:126,9,1,0
BRDA:128,10,0,0
BRDA:128,11,0,0
BRDA:128,11,1,0
BRDA:149,12,0,0
BRDA:173,13,0,0
BRDA:173,13,1,0
BRDA:181,14,0,0
BRDA:193,15,0,0
BRDA:193,15,1,0
BRDA:197,16,0,0
BRDA:197,16,1,0
BRDA:201,17,0,0
BRDA:201,17,1,0
BRDA:205,18,0,0
BRDA:205,18,1,0
BRDA:218,19,0,0
BRDA:227,20,0,0
BRDA:227,20,1,0
BRDA:242,21,0,0
BRDA:242,21,1,0
BRDA:243,22,0,0
BRDA:243,22,1,0
BRDA:262,23,0,0
BRDA:262,23,1,0
BRDA:272,24,0,0
BRDA:272,24,1,0
BRDA:296,25,0,0
BRDA:296,25,1,0
BRDA:320,26,0,0
BRDA:320,26,1,0
BRF:54
BRH:0
end_of_record
TN:
SF:components/SharkMap.tsx
FN:7,(anonymous_5)
FN:7,(anonymous_6)
FN:7,(anonymous_7)
FN:11,(anonymous_9)
FN:11,(anonymous_10)
FN:11,(anonymous_11)
FN:15,(anonymous_13)
FN:15,(anonymous_14)
FN:15,(anonymous_15)
FN:19,(anonymous_17)
FN:19,(anonymous_18)
FN:19,(anonymous_19)
FN:30,(anonymous_21)
FN:38,(anonymous_22)
FN:43,(anonymous_23)
FN:74,(anonymous_24)
FN:83,(anonymous_25)
FN:108,(anonymous_26)
FN:117,(anonymous_27)
FN:140,(anonymous_28)
FNF:20
FNH:17
FNDA:1,(anonymous_5)
FNDA:1,(anonymous_6)
FNDA:1,(anonymous_7)
FNDA:1,(anonymous_9)
FNDA:1,(anonymous_10)
FNDA:1,(anonymous_11)
FNDA:1,(anonymous_13)
FNDA:1,(anonymous_14)
FNDA:1,(anonymous_15)
FNDA:1,(anonymous_17)
FNDA:1,(anonymous_18)
FNDA:1,(anonymous_19)
FNDA:24,(anonymous_21)
FNDA:0,(anonymous_22)
FNDA:1037,(anonymous_23)
FNDA:1037,(anonymous_24)
FNDA:1037,(anonymous_25)
FNDA:1037,(anonymous_26)
FNDA:0,(anonymous_27)
FNDA:0,(anonymous_28)
DA:1,1
DA:2,1
DA:7,1
DA:11,1
DA:15,1
DA:19,1
DA:30,1
DA:36,24
DA:38,24
DA:43,24
DA:44,1037
DA:46,1037
DA:48,1037
DA:49,1037
DA:51,1037
DA:74,24
DA:75,1037
DA:76,0
DA:77,0
DA:78,0
DA:79,1037
DA:83,24
DA:84,1037
DA:85,1037
DA:86,1037
DA:88,1037
DA:89,1037
DA:90,1037
DA:91,1037
DA:109,1037
DA:111,1037
DA:117,0
DA:140,0
DA:170,21
LF:34
LH:29
BRDA:34,0,0,24
BRDA:43,1,0,0
BRDA:44,2,0,0
BRDA:48,3,0,0
BRDA:48,3,1,1037
BRDA:49,4,0,0
BRDA:49,4,1,1037
BRDA:57,5,0,0
BRDA:57,5,1,1037
BRDA:62,6,0,0
BRDA:62,6,1,1037
BRDA:75,7,0,0
BRDA:75,7,1,0
BRDA:75,7,2,0
BRDA:75,7,3,1037
BRDA:88,8,0,0
BRDA:89,9,0,0
BRDA:126,10,0,1
BRDA:126,10,1,1036
BRDA:126,11,0,0
BRDA:126,11,1,1036
BRDA:132,12,0,1037
BRDA:135,13,0,1037
BRF:23
BRH:11
end_of_record
TN:
SF:components/SharkProfile.tsx
FN:11,(anonymous_2)
FN:17,(anonymous_3)
FN:25,(anonymous_4)
FN:33,(anonymous_5)
FNF:4
FNH:0
FNDA:0,(anonymous_2)
FNDA:0,(anonymous_3)
FNDA:0,(anonymous_4)
FNDA:0,(anonymous_5)
DA:1,0
DA:11,0
DA:17,0
DA:18,0
DA:25,0
DA:26,0
DA:27,0
DA:28,0
DA:29,0
DA:30,0
DA:33,0
DA:34,0
DA:35,0
DA:36,0
DA:37,0
DA:38,0
DA:247,0
LF:17
LH:0
BRDA:13,0,0,0
BRDA:26,1,0,0
BRDA:27,2,0,0
BRDA:28,3,0,0
BRDA:29,4,0,0
BRDA:34,5,0,0
BRDA:35,6,0,0
BRDA:36,7,0,0
BRDA:37,8,0,0
BRDA:51,9,0,0
BRDA:59,10,0,0
BRDA:81,11,0,0
BRDA:81,11,1,0
BRDA:87,12,0,0
BRDA:87,12,1,0
BRDA:87,13,0,0
BRDA:87,13,1,0
BRDA:93,14,0,0
BRDA:93,14,1,0
BRDA:110,15,0,0
BRDA:120,16,0,0
BRDA:141,17,0,0
BRDA:150,18,0,0
BRDA:153,19,0,0
BRDA:156,20,0,0
BRDA:166,21,0,0
BRDA:174,22,0,0
BRDA:178,23,0,0
BRDA:193,24,0,0
BRDA:193,24,1,0
BRDA:196,25,0,0
BRDA:196,25,1,0
BRDA:205,26,0,0
BRDA:214,27,0,0
BRF:34
BRH:0
end_of_record
TN:
SF:components/StorytellingContent.tsx
FN:338,(anonymous_4)
FN:350,(anonymous_5)
FN:355,(anonymous_6)
FN:359,(anonymous_7)
FN:363,(anonymous_8)
FN:372,(anonymous_9)
FN:380,(anonymous_10)
FN:398,(anonymous_11)
FN:473,(anonymous_12)
FN:508,(anonymous_13)
FN:549,(anonymous_14)
FN:549,(anonymous_15)
FN:561,(anonymous_16)
FN:561,(anonymous_17)
FN:576,(anonymous_18)
FN:580,(anonymous_19)
FNF:16
FNH:0
FNDA:0,(anonymous_4)
FNDA:0,(anonymous_5)
FNDA:0,(anonymous_6)
FNDA:0,(anonymous_7)
FNDA:0,(anonymous_8)
FNDA:0,(anonymous_9)
FNDA:0,(anonymous_10)
FNDA:0,(anonymous_11)
FNDA:0,(anonymous_12)
FNDA:0,(anonymous_13)
FNDA:0,(anonymous_14)
FNDA:0,(anonymous_15)
FNDA:0,(anonymous_16)
FNDA:0,(anonymous_17)
FNDA:0,(anonymous_18)
FNDA:0,(anonymous_19)
DA:8,0
DA:9,0
DA:47,0
DA:338,0
DA:342,0
DA:343,0
DA:344,0
DA:345,0
DA:350,0
DA:352,0
DA:354,0
DA:355,0
DA:358,0
DA:359,0
DA:363,0
DA:364,0
DA:365,0
DA:366,0
DA:369,0
DA:372,0
DA:373,0
DA:374,0
DA:377,0
DA:380,0
DA:382,0
DA:383,0
DA:385,0
DA:386,0
DA:388,0
DA:389,0
DA:391,0
DA:392,0
DA:395,0
DA:398,0
DA:399,0
DA:401,0
DA:408,0
DA:422,0
DA:439,0
DA:440,0
DA:445,0
DA:462,0
DA:466,0
DA:473,0
DA:509,0
DA:549,0
DA:561,0
DA:577,0
DA:580,0
DA:637,0
LF:50
LH:0
BRDA:340,0,0,0
BRDA:354,1,0,0
BRDA:354,2,0,0
BRDA:354,2,1,0
BRDA:358,3,0,0
BRDA:364,4,0,0
BRDA:365,5,0,0
BRDA:382,6,0,0
BRDA:382,7,0,0
BRDA:382,7,1,0
BRDA:385,8,0,0
BRDA:385,9,0,0
BRDA:385,9,1,0
BRDA:385,9,2,0
BRDA:388,10,0,0
BRDA:388,11,0,0
BRDA:388,11,1,0
BRDA:388,11,2,0
BRDA:391,12,0,0
BRDA:391,13,0,0
BRDA:391,13,1,0
BRDA:391,13,2,0
BRDA:399,14,0,0
BRDA:399,14,1,0
BRDA:399,14,2,0
BRDA:399,14,3,0
BRDA:399,14,4,0
BRDA:413,15,0,0
BRDA:427,16,0,0
BRDA:427,16,1,0
BRDA:429,17,0,0
BRDA:440,18,0,0
BRDA:440,18,1,0
BRDA:441,19,0,0
BRDA:441,19,1,0
BRDA:441,20,0,0
BRDA:441,20,1,0
BRDA:442,21,0,0
BRDA:442,21,1,0
BRDA:452,22,0,0
BRDA:466,23,0,0
BRDA:482,24,0,0
BRDA:482,24,1,0
BRDA:483,25,0,0
BRDA:483,25,1,0
BRDA:484,26,0,0
BRDA:484,26,1,0
BRDA:493,27,0,0
BRDA:493,27,1,0
BRDA:494,28,0,0
BRDA:494,28,1,0
BRDA:518,29,0,0
BRDA:584,30,0,0
BRDA:584,30,1,0
BRDA:585,31,0,0
BRDA:585,31,1,0
BRDA:586,32,0,0
BRDA:586,32,1,0
BRDA:603,33,0,0
BRDA:603,33,1,0
BRDA:604,34,0,0
BRDA:604,34,1,0
BRDA:612,35,0,0
BRDA:623,36,0,0
BRF:64
BRH:0
end_of_record
TN:
SF:components/ThemeToggle.tsx
FN:5,applyTheme
FN:23,ThemeToggle
FN:26,(anonymous_6)
FN:32,(anonymous_7)
FN:33,(anonymous_8)
FN:40,(anonymous_9)
FN:43,cycle
FNF:7
FNH:6
FNDA:20,applyTheme
FNDA:26,ThemeToggle
FNDA:9,(anonymous_6)
FNDA:9,(anonymous_7)
FNDA:0,(anonymous_8)
FNDA:9,(anonymous_9)
FNDA:11,cycle
DA:1,1
DA:3,1
DA:6,20
DA:7,20
DA:8,5
DA:9,15
DA:10,4
DA:12,11
DA:15,20
DA:16,20
DA:17,20
DA:18,20
DA:19,20
DA:23,9
DA:24,26
DA:26,25
DA:27,9
DA:28,9
DA:29,9
DA:32,25
DA:33,9
DA:34,0
DA:35,0
DA:38,9
DA:39,9
DA:40,9
DA:44,11
DA:45,11
DA:46,11
DA:47,11
DA:50,25
DA:51,25
LF:32
LH:30
BRDA:7,0,0,5
BRDA:7,0,1,15
BRDA:9,1,0,4
BRDA:9,1,1,11
BRDA:16,2,0,20
BRDA:18,3,0,20
BRDA:18,3,1,16
BRDA:18,3,2,11
BRDA:19,4,0,4
BRDA:19,4,1,16
BRDA:27,5,0,9
BRDA:27,5,1,8
BRDA:34,6,0,0
BRDA:34,7,0,0
BRDA:34,7,1,0
BRDA:44,8,0,4
BRDA:44,8,1,7
BRDA:44,9,0,4
BRDA:44,9,1,3
BRDA:50,10,0,12
BRDA:50,10,1,13
BRDA:50,11,0,9
BRDA:50,11,1,4
BRDA:51,12,0,9
BRDA:51,12,1,16
BRDA:51,13,0,4
BRDA:51,13,1,12
BRF:27
BRH:24
end_of_record
TN:
SF:components/TimeControls.tsx
FN:27,(anonymous_5)
FN:44,(anonymous_6)
FN:52,(anonymous_7)
FN:59,(anonymous_8)
FN:69,(anonymous_9)
FN:79,(anonymous_10)
FN:83,(anonymous_11)
FN:101,(anonymous_12)
FN:109,(anonymous_13)
FN:121,(anonymous_14)
FN:122,(anonymous_15)
FN:128,(anonymous_16)
FN:137,(anonymous_17)
FN:144,(anonymous_18)
FN:196,(anonymous_19)
FN:219,(anonymous_20)
FN:233,(anonymous_21)
FN:241,(anonymous_22)
FN:254,(anonymous_23)
FN:262,(anonymous_24)
FN:275,(anonymous_25)
FN:290,(anonymous_26)
FN:294,(anonymous_27)
FN:308,(anonymous_28)
FN:311,(anonymous_29)
FN:324,(anonymous_30)
FN:328,(anonymous_31)
FNF:27
FNH:0
FNDA:0,(anonymous_5)
FNDA:0,(anonymous_6)
FNDA:0,(anonymous_7)
FNDA:0,(anonymous_8)
FNDA:0,(anonymous_9)
FNDA:0,(anonymous_10)
FNDA:0,(anonymous_11)
FNDA:0,(anonymous_12)
FNDA:0,(anonymous_13)
FNDA:0,(anonymous_14)
FNDA:0,(anonymous_15)
FNDA:0,(anonymous_16)
FNDA:0,(anonymous_17)
FNDA:0,(anonymous_18)
FNDA:0,(anonymous_19)
FNDA:0,(anonymous_20)
FNDA:0,(anonymous_21)
FNDA:0,(anonymous_22)
FNDA:0,(anonymous_23)
FNDA:0,(anonymous_24)
FNDA:0,(anonymous_25)
FNDA:0,(anonymous_26)
FNDA:0,(anonymous_27)
FNDA:0,(anonymous_28)
FNDA:0,(anonymous_29)
FNDA:0,(anonymous_30)
FNDA:0,(anonymous_31)
DA:3,0
DA:27,0
DA:37,0
DA:38,0
DA:39,0
DA:40,0
DA:41,0
DA:44,0
DA:45,0
DA:46,0
DA:47,0
DA:48,0
DA:52,0
DA:53,0
DA:54,0
DA:55,0
DA:59,0
DA:60,0
DA:62,0
DA:63,0
DA:64,0
DA:65,0
DA:69,0
DA:70,0
DA:72,0
DA:73,0
DA:74,0
DA:75,0
DA:79,0
DA:80,0
DA:81,0
DA:83,0
DA:84,0
DA:85,0
DA:87,0
DA:88,0
DA:95,0
DA:96,0
DA:97,0
DA:101,0
DA:102,0
DA:103,0
DA:109,0
DA:110,0
DA:117,0
DA:121,0
DA:122,0
DA:123,0
DA:124,0
DA:128,0
DA:129,0
DA:132,0
DA:133,0
DA:134,0
DA:137,0
DA:138,0
DA:139,0
DA:144,0
DA:146,0
DA:150,0
DA:154,0
DA:182,0
DA:196,0
DA:219,0
DA:233,0
DA:242,0
DA:243,0
DA:244,0
DA:254,0
DA:263,0
DA:264,0
DA:265,0
DA:275,0
DA:291,0
DA:294,0
DA:308,0
DA:312,0
DA:325,0
DA:328,0
DA:600,0
LF:80
LH:0
BRDA:35,0,0,0
BRDA:60,1,0,0
BRDA:70,2,0,0
BRDA:70,3,0,0
BRDA:70,3,1,0
BRDA:80,4,0,0
BRDA:80,4,1,0
BRDA:87,5,0,0
BRDA:87,5,1,0
BRDA:95,6,0,0
BRDA:102,7,0,0
BRDA:123,8,0,0
BRDA:132,9,0,0
BRDA:146,10,0,0
BRDA:146,10,1,0
BRDA:147,11,0,0
BRDA:147,11,1,0
BRDA:355,12,0,0
BRDA:355,12,1,0
BRDA:359,13,0,0
BRDA:359,13,1,0
BRDA:392,14,0,0
BRDA:392,14,1,0
BRDA:398,15,0,0
BRDA:398,15,1,0
BRDA:423,16,0,0
BRDA:423,16,1,0
BRDA:429,17,0,0
BRDA:429,17,1,0
BRDA:471,18,0,0
BRDA:471,18,1,0
BRDA:482,19,0,0
BRDA:482,19,1,0
BRDA:499,20,0,0
BRDA:499,20,1,0
BRDA:512,21,0,0
BRDA:512,21,1,0
BRDA:526,22,0,0
BRDA:526,22,1,0
BRDA:527,23,0,0
BRDA:527,23,1,0
BRDA:528,24,0,0
BRDA:528,24,1,0
BRDA:547,25,0,0
BRDA:547,25,1,0
BRDA:548,26,0,0
BRDA:548,26,1,0
BRDA:549,27,0,0
BRDA:549,27,1,0
BRDA:559,28,0,0
BRDA:559,28,1,0
BRDA:563,29,0,0
BRDA:563,29,1,0
BRDA:185,30,0,0
BRDA:185,30,1,0
BRDA:185,31,0,0
BRDA:185,31,1,0
BRDA:197,32,0,0
BRDA:197,32,1,0
BRDA:199,33,0,0
BRDA:199,33,1,0
BRDA:243,34,0,0
BRDA:255,35,0,0
BRDA:255,35,1,0
BRDA:253,36,0,0
BRDA:253,36,1,0
BRDA:257,37,0,0
BRDA:257,37,1,0
BRDA:264,38,0,0
BRDA:284,39,0,0
BRDA:293,40,0,0
BRDA:293,40,1,0
BRDA:313,41,0,0
BRDA:313,41,1,0
BRDA:313,42,0,0
BRDA:313,42,1,0
BRF:76
BRH:0
end_of_record
TN:
SF:components/TimeLapseVisualization.tsx
FN:33,(anonymous_4)
FN:57,(anonymous_5)
FN:61,(anonymous_6)
FN:67,(anonymous_7)
FN:69,(anonymous_8)
FN:70,(anonymous_9)
FN:85,(anonymous_10)
FN:92,(anonymous_11)
FN:139,(anonymous_12)
FN:166,(anonymous_13)
FN:191,(anonymous_14)
FN:192,(anonymous_15)
FN:236,(anonymous_16)
FN:256,(anonymous_17)
FN:273,(anonymous_18)
FN:299,(anonymous_19)
FN:314,(anonymous_20)
FN:318,(anonymous_21)
FN:319,(anonymous_22)
FN:322,(anonymous_23)
FN:323,(anonymous_24)
FN:326,(anonymous_25)
FN:331,(anonymous_26)
FN:354,(anonymous_27)
FN:466,(anonymous_28)
FNF:25
FNH:0
FNDA:0,(anonymous_4)
FNDA:0,(anonymous_5)
FNDA:0,(anonymous_6)
FNDA:0,(anonymous_7)
FNDA:0,(anonymous_8)
FNDA:0,(anonymous_9)
FNDA:0,(anonymous_10)
FNDA:0,(anonymous_11)
FNDA:0,(anonymous_12)
FNDA:0,(anonymous_13)
FNDA:0,(anonymous_14)
FNDA:0,(anonymous_15)
FNDA:0,(anonymous_16)
FNDA:0,(anonymous_17)
FNDA:0,(anonymous_18)
FNDA:0,(anonymous_19)
FNDA:0,(anonymous_20)
FNDA:0,(anonymous_21)
FNDA:0,(anonymous_22)
FNDA:0,(anonymous_23)
FNDA:0,(anonymous_24)
FNDA:0,(anonymous_25)
FNDA:0,(anonymous_26)
FNDA:0,(anonymous_27)
FNDA:0,(anonymous_28)
DA:1,0
DA:2,0
DA:33,0
DA:38,0
DA:39,0
DA:40,0
DA:41,0
DA:42,0
DA:43,0
DA:44,0
DA:46,0
DA:57,0
DA:58,0
DA:61,0
DA:62,0
DA:63,0
DA:67,0
DA:68,0
DA:69,0
DA:70,0
DA:71,0
DA:72,0
DA:73,0
DA:75,0
DA:79,0
DA:80,0
DA:81,0
DA:85,0
DA:86,0
DA:87,0
DA:92,0
DA:93,0
DA:96,0
DA:97,0
DA:101,0
DA:103,0
DA:104,0
DA:105,0
DA:107,0
DA:108,0
DA:109,0
DA:111,0
DA:112,0
DA:113,0
DA:115,0
DA:116,0
DA:117,0
DA:120,0
DA:121,0
DA:122,0
DA:125,0
DA:126,0
DA:129,0
DA:132,0
DA:134,0
DA:135,0
DA:137,0
DA:139,0
DA:141,0
DA:142,0
DA:144,0
DA:145,0
DA:147,0
DA:154,0
DA:161,0
DA:162,0
DA:163,0
DA:166,0
DA:167,0
DA:168,0
DA:170,0
DA:171,0
DA:174,0
DA:175,0
DA:176,0
DA:178,0
DA:179,0
DA:182,0
DA:183,0
DA:185,0
DA:188,0
DA:191,0
DA:192,0
DA:193,0
DA:196,0
DA:197,0
DA:200,0
DA:201,0
DA:204,0
DA:206,0
DA:207,0
DA:210,0
DA:211,0
DA:215,0
DA:216,0
DA:217,0
DA:218,0
DA:221,0
DA:222,0
DA:223,0
DA:224,0
DA:233,0
DA:236,0
DA:237,0
DA:238,0
DA:241,0
DA:256,0
DA:257,0
DA:258,0
DA:264,0
DA:273,0
DA:274,0
DA:275,0
DA:278,0
DA:279,0
DA:281,0
DA:282,0
DA:285,0
DA:286,0
DA:287,0
DA:290,0
DA:298,0
DA:299,0
DA:300,0
DA:303,0
DA:304,0
DA:305,0
DA:306,0
DA:309,0
DA:310,0
DA:314,0
DA:315,0
DA:318,0
DA:319,0
DA:322,0
DA:323,0
DA:326,0
DA:327,0
DA:328,0
DA:331,0
DA:332,0
DA:335,0
DA:339,0
DA:340,0
DA:341,0
DA:354,0
DA:467,0
DA:468,0
DA:474,0
DA:500,0
LF:150
LH:0
BRDA:62,0,0,0
BRDA:68,1,0,0
BRDA:68,1,1,0
BRDA:68,2,0,0
BRDA:68,2,1,0
BRDA:71,3,0,0
BRDA:79,4,0,0
BRDA:86,5,0,0
BRDA:101,6,0,0
BRDA:101,6,1,0
BRDA:101,6,2,0
BRDA:101,6,3,0
BRDA:168,7,0,0
BRDA:168,8,0,0
BRDA:168,8,1,0
BRDA:171,9,0,0
BRDA:182,10,0,0
BRDA:182,10,1,0
BRDA:193,11,0,0
BRDA:204,12,0,0
BRDA:204,12,1,0
BRDA:221,13,0,0
BRDA:221,14,0,0
BRDA:221,14,1,0
BRDA:222,15,0,0
BRDA:222,15,1,0
BRDA:237,16,0,0
BRDA:237,16,1,0
BRDA:257,17,0,0
BRDA:257,17,1,0
BRDA:278,18,0,0
BRDA:278,18,1,0
BRDA:281,19,0,0
BRDA:281,19,1,0
BRDA:285,20,0,0
BRDA:285,20,1,0
BRDA:309,21,0,0
BRDA:309,21,1,0
BRDA:335,22,0,0
BRDA:335,22,1,0
BRDA:339,23,0,0
BRDA:339,23,1,0
BRDA:340,24,0,0
BRDA:340,24,1,0
BRDA:341,25,0,0
BRDA:341,25,1,0
BRDA:365,26,0,0
BRDA:371,27,0,0
BRDA:371,27,1,0
BRDA:377,28,0,0
BRDA:377,28,1,0
BRDA:382,29,0,0
BRDA:382,29,1,0
BRDA:387,30,0,0
BRDA:387,30,1,0
BRDA:435,31,0,0
BRDA:435,31,1,0
BRDA:438,32,0,0
BRDA:460,33,0,0
BRDA:468,34,0,0
BRDA:468,34,1,0
BRDA:470,35,0,0
BRDA:470,35,1,0
BRDA:477,36,0,0
BRDA:477,36,1,0
BRDA:486,37,0,0
BRDA:486,37,1,0
BRF:67
BRH:0
end_of_record
TN:
SF:components/UserPreferences.tsx
FN:56,(anonymous_4)
FN:128,(anonymous_5)
FN:132,(anonymous_6)
FN:165,(anonymous_7)
FN:182,(anonymous_8)
FN:207,(anonymous_9)
FN:220,(anonymous_10)
FN:230,(anonymous_11)
FN:231,(anonymous_12)
FN:231,(anonymous_13)
FN:236,(anonymous_14)
FN:238,(anonymous_15)
FN:238,(anonymous_16)
FN:242,(anonymous_17)
FN:264,(anonymous_18)
FN:290,(anonymous_19)
FN:297,(anonymous_20)
FN:304,(anonymous_21)
FN:311,(anonymous_22)
FN:332,(anonymous_23)
FN:332,(anonymous_24)
FN:344,(anonymous_25)
FN:344,(anonymous_26)
FN:355,(anonymous_27)
FN:355,(anonymous_28)
FN:358,(anonymous_29)
FN:373,(anonymous_30)
FN:373,(anonymous_31)
FN:384,(anonymous_32)
FN:384,(anonymous_33)
FN:390,(anonymous_34)
FN:403,(anonymous_35)
FN:403,(anonymous_36)
FN:430,(anonymous_37)
FN:452,(anonymous_38)
FN:458,(anonymous_39)
FN:480,(anonymous_40)
FN:503,(anonymous_41)
FN:503,(anonymous_42)
FN:513,(anonymous_43)
FN:516,(anonymous_44)
FN:516,(anonymous_45)
FN:533,(anonymous_46)
FN:533,(anonymous_47)
FN:545,(anonymous_48)
FN:545,(anonymous_49)
FN:557,(anonymous_50)
FN:557,(anonymous_51)
FN:569,(anonymous_52)
FN:569,(anonymous_53)
FN:583,(anonymous_54)
FN:588,(anonymous_55)
FN:591,(anonymous_56)
FN:596,(anonymous_57)
FN:598,(anonymous_58)
FN:634,(anonymous_59)
FN:634,(anonymous_60)
FN:649,(anonymous_61)
FN:649,(anonymous_62)
FN:663,(anonymous_63)
FN:663,(anonymous_64)
FN:679,(anonymous_65)
FN:679,(anonymous_66)
FN:696,(anonymous_67)
FN:696,(anonymous_68)
FN:706,(anonymous_69)
FN:706,(anonymous_70)
FN:716,(anonymous_71)
FN:716,(anonymous_72)
FN:735,(anonymous_73)
FN:735,(anonymous_74)
FN:745,(anonymous_75)
FN:745,(anonymous_76)
FN:759,(anonymous_77)
FN:759,(anonymous_78)
FN:775,(anonymous_79)
FN:775,(anonymous_80)
FN:791,(anonymous_81)
FN:791,(anonymous_82)
FN:809,(anonymous_83)
FN:809,(anonymous_84)
FN:823,(anonymous_85)
FN:823,(anonymous_86)
FNF:83
FNH:0
FNDA:0,(anonymous_4)
FNDA:0,(anonymous_5)
FNDA:0,(anonymous_6)
FNDA:0,(anonymous_7)
FNDA:0,(anonymous_8)
FNDA:0,(anonymous_9)
FNDA:0,(anonymous_10)
FNDA:0,(anonymous_11)
FNDA:0,(anonymous_12)
FNDA:0,(anonymous_13)
FNDA:0,(anonymous_14)
FNDA:0,(anonymous_15)
FNDA:0,(anonymous_16)
FNDA:0,(anonymous_17)
FNDA:0,(anonymous_18)
FNDA:0,(anonymous_19)
FNDA:0,(anonymous_20)
FNDA:0,(anonymous_21)
FNDA:0,(anonymous_22)
FNDA:0,(anonymous_23)
FNDA:0,(anonymous_24)
FNDA:0,(anonymous_25)
FNDA:0,(anonymous_26)
FNDA:0,(anonymous_27)
FNDA:0,(anonymous_28)
FNDA:0,(anonymous_29)
FNDA:0,(anonymous_30)
FNDA:0,(anonymous_31)
FNDA:0,(anonymous_32)
FNDA:0,(anonymous_33)
FNDA:0,(anonymous_34)
FNDA:0,(anonymous_35)
FNDA:0,(anonymous_36)
FNDA:0,(anonymous_37)
FNDA:0,(anonymous_38)
FNDA:0,(anonymous_39)
FNDA:0,(anonymous_40)
FNDA:0,(anonymous_41)
FNDA:0,(anonymous_42)
FNDA:0,(anonymous_43)
FNDA:0,(anonymous_44)
FNDA:0,(anonymous_45)
FNDA:0,(anonymous_46)
FNDA:0,(anonymous_47)
FNDA:0,(anonymous_48)
FNDA:0,(anonymous_49)
FNDA:0,(anonymous_50)
FNDA:0,(anonymous_51)
FNDA:0,(anonymous_52)
FNDA:0,(anonymous_53)
FNDA:0,(anonymous_54)
FNDA:0,(anonymous_55)
FNDA:0,(anonymous_56)
FNDA:0,(anonymous_57)
FNDA:0,(anonymous_58)
FNDA:0,(anonymous_59)
FNDA:0,(anonymous_60)
FNDA:0,(anonymous_61)
FNDA:0,(anonymous_62)
FNDA:0,(anonymous_63)
FNDA:0,(anonymous_64)
FNDA:0,(anonymous_65)
FNDA:0,(anonymous_66)
FNDA:0,(anonymous_67)
FNDA:0,(anonymous_68)
FNDA:0,(anonymous_69)
FNDA:0,(anonymous_70)
FNDA:0,(anonymous_71)
FNDA:0,(anonymous_72)
FNDA:0,(anonymous_73)
FNDA:0,(anonymous_74)
FNDA:0,(anonymous_75)
FNDA:0,(anonymous_76)
FNDA:0,(anonymous_77)
FNDA:0,(anonymous_78)
FNDA:0,(anonymous_79)
FNDA:0,(anonymous_80)
FNDA:0,(anonymous_81)
FNDA:0,(anonymous_82)
FNDA:0,(anonymous_83)
FNDA:0,(anonymous_84)
FNDA:0,(anonymous_85)
FNDA:0,(anonymous_86)
DA:1,0
DA:2,0
DA:56,0
DA:57,0
DA:58,0
DA:69,0
DA:90,0
DA:100,0
DA:112,0
DA:113,0
DA:121,0
DA:123,0
DA:124,0
DA:125,0
DA:126,0
DA:128,0
DA:129,0
DA:132,0
DA:133,0
DA:134,0
DA:136,0
DA:137,0
DA:140,0
DA:141,0
DA:142,0
DA:144,0
DA:145,0
DA:148,0
DA:149,0
DA:152,0
DA:153,0
DA:156,0
DA:165,0
DA:166,0
DA:167,0
DA:173,0
DA:182,0
DA:183,0
DA:186,0
DA:187,0
DA:188,0
DA:189,0
DA:192,0
DA:193,0
DA:196,0
DA:197,0
DA:198,0
DA:201,0
DA:202,0
DA:203,0
DA:207,0
DA:208,0
DA:210,0
DA:220,0
DA:221,0
DA:230,0
DA:231,0
DA:232,0
DA:236,0
[...]
BRDA:53,2,0,1224
BRDA:53,2,1,2112
BRDA:66,3,0,0
BRDA:69,4,0,0
BRDA:69,4,1,0
BRDA:69,4,2,0
BRDA:69,4,3,0
BRDA:75,5,0,0
BRDA:80,6,0,0
BRDA:86,7,0,2
BRDA:91,8,0,24
BRDA:91,8,1,23
BRDA:92,9,0,24
BRDA:92,9,1,9
BRDA:98,10,0,1
BRDA:107,11,0,0
BRDA:107,11,1,24
BRDA:111,12,0,16
BRDA:111,12,1,8
BRDA:112,13,0,1
BRDA:112,13,1,23
BRDA:128,14,0,2
BRDA:128,14,1,22
BRDA:130,15,0,1
BRF:27
BRH:18
end_of_record
TN:
SF:pages/api/stations.ts
FN:31,generateRealisticTemperature
FN:50,generateGlobalStations
FN:95,(anonymous_3)
FN:164,(anonymous_4)
FN:193,handler
FN:200,(anonymous_6)
FN:216,(anonymous_7)
FN:217,(anonymous_8)
FNF:8
FNH:8
FNDA:464,generateRealisticTemperature
FNDA:4,generateGlobalStations
FNDA:120,(anonymous_3)
FNDA:112,(anonymous_4)
FNDA:4,handler
FNDA:232,(anonymous_6)
FNDA:232,(anonymous_7)
FNDA:232,(anonymous_8)
DA:33,464
DA:36,464
DA:37,464
DA:38,464
DA:41,464
DA:43,464
DA:46,464
DA:51,4
DA:54,4
DA:95,4
DA:96,120
DA:121,4
DA:164,4
DA:165,112
DA:166,112
DA:190,4
DA:193,4
DA:194,4
DA:195,0
DA:198,4
DA:199,4
DA:200,232
DA:202,4
DA:216,232
DA:217,232
DA:229,4
DA:232,0
DA:233,0
LF:28
LH:25
BRDA:113,0,0,98
BRDA:113,0,1,22
BRDA:174,1,0,55
BRDA:174,1,1,57
BRDA:183,2,0,81
BRDA:183,2,1,31
BRDA:184,3,0,103
BRDA:184,3,1,9
BRDA:194,4,0,0
BRF:9
BRH:8
end_of_record
TN:
SF:pages/api/status.ts
FN:4,handler
FNF:1
FNH:1
FNDA:146,handler
DA:4,146
DA:5,146
DA:6,6
DA:9,140
DA:10,140
DA:54,139
DA:57,2
DA:58,2
LF:8
LH:8
BRDA:5,0,0,6
BRF:1
BRH:1
end_of_record
TN:
SF:pages/api/alerts/active.ts
FN:33,(anonymous_1)
FN:143,(anonymous_2)
FN:152,handler
FN:173,(anonymous_4)
FN:178,(anonymous_5)
FN:189,(anonymous_6)
FN:197,(anonymous_7)
FN:198,(anonymous_8)
FN:199,(anonymous_9)
FN:200,(anonymous_10)
FNF:10
FNH:10
FNDA:35,(anonymous_1)
FNDA:134,(anonymous_2)
FNDA:40,handler
FNDA:16,(anonymous_4)
FNDA:10,(anonymous_5)
FNDA:131,(anonymous_6)
FNDA:110,(anonymous_7)
FNDA:110,(anonymous_8)
FNDA:110,(anonymous_9)
FNDA:110,(anonymous_10)
DA:33,1
DA:34,35
DA:143,134
DA:152,40
DA:154,40
DA:155,40
DA:156,40
DA:158,40
DA:159,1
DA:162,39
DA:163,4
DA:166,35
DA:167,35
DA:169,35
DA:172,33
DA:173,16
DA:177,33
DA:178,10
DA:182,33
DA:183,33
DA:184,30
DA:188,33
DA:189,33
DA:190,131
DA:191,131
DA:192,26
DA:195,33
DA:197,110
DA:198,110
DA:199,110
DA:200,110
DA:204,33
DA:215,2
LF:33
LH:33
BRDA:158,0,0,1
BRDA:162,1,0,4
BRDA:167,2,0,29
BRDA:172,3,0,4
BRDA:172,4,0,33
BRDA:172,4,1,5
BRDA:177,5,0,3
BRDA:177,6,0,33
BRDA:177,6,1,3
BRDA:183,7,0,30
BRDA:183,8,0,33
BRDA:183,8,1,31
BRDA:191,9,0,105
BRDA:217,10,0,2
BRDA:217,10,1,0
BRF:15
BRH:14
end_of_record
TN:
SF:pages/api/alerts/marine-heatwaves.ts
FN:17,generateHeatwaveAlerts
FN:37,(anonymous_2)
FN:40,(anonymous_3)
FN:73,(anonymous_4)
FN:76,handler
FN:89,(anonymous_6)
FN:90,(anonymous_7)
FN:92,(anonymous_8)
FNF:8
FNH:8
FNDA:52,generateHeatwaveAlerts
FNDA:1119,(anonymous_2)
FNDA:255,(anonymous_3)
FNDA:416,(anonymous_4)
FNDA:56,handler
FNDA:67,(anonymous_6)
FNDA:10,(anonymous_7)
FNDA:254,(anonymous_8)
DA:18,52
DA:21,52
DA:35,52
DA:36,51
DA:37,1119
DA:40,51
DA:41,255
DA:42,255
DA:43,255
DA:48,255
DA:49,111
DA:50,111
DA:51,144
DA:52,71
DA:53,71
DA:55,73
DA:56,73
DA:59,255
DA:73,416
DA:76,56
DA:77,56
DA:78,4
DA:81,52
DA:82,52
DA:84,50
DA:89,67
DA:90,10
DA:92,254
DA:98,50
DA:101,2
DA:102,2
LF:31
LH:31
BRDA:48,0,0,111
BRDA:48,0,1,144
BRDA:51,1,0,71
BRDA:51,1,1,73
BRDA:77,2,0,4
BRDA:89,3,0,44
BRDA:89,3,1,6
BRDA:90,4,0,4
BRDA:90,4,1,2
BRF:9
BRH:9
end_of_record
TN:
SF:pages/api/alerts/process.ts
FN:68,fetchActiveAlerts
FN:75,fetchActiveSubscriptions
FN:131,isLocationInZone
FN:138,getSeverityLevel
FN:143,matchAlertToSubscription
FN:173,(anonymous_6)
FN:182,(anonymous_7)
FN:183,(anonymous_8)
FN:190,sendNotifications
FN:191,(anonymous_10)
FN:235,handler
FN:326,(anonymous_12)
FNF:12
FNH:12
FNDA:25,fetchActiveAlerts
FNDA:25,fetchActiveSubscriptions
FNDA:709,isLocationInZone
FNDA:734,getSeverityLevel
FNDA:381,matchAlertToSubscription
FNDA:482,(anonymous_6)
FNDA:227,(anonymous_7)
FNDA:227,(anonymous_8)
FNDA:126,sendNotifications
FNDA:216,(anonymous_10)
FNDA:29,handler
FNDA:216,(anonymous_12)
DA:70,25
DA:71,22
DA:72,21
DA:77,25
DA:128,25
DA:132,709
DA:133,709
DA:135,709
DA:139,734
DA:140,734
DA:144,381
DA:147,381
DA:148,0
DA:152,381
DA:153,14
DA:155,367
DA:158,367
DA:159,367
DA:161,367
DA:162,0
DA:164,367
DA:167,367
DA:168,0
DA:170,367
DA:173,367
DA:174,482
DA:177,367
DA:178,151
DA:181,216
DA:182,227
DA:183,227
DA:185,216
DA:187,216
DA:191,216
DA:207,126
DA:208,126
DA:219,125
DA:220,114
DA:226,12
DA:227,12
DA:235,29
DA:237,29
DA:238,29
DA:239,29
DA:241,29
DA:242,1
DA:245,28
DA:246,3
DA:249,25
DA:251,25
DA:252,25
DA:255,25
DA:260,21
DA:261,4
DA:274,17
DA:275,0
DA:289,17
DA:290,17
DA:291,17
DA:292,17
DA:294,17
DA:295,127
DA:296,127
DA:299,127
DA:300,381
DA:302,381
DA:303,216
DA:310,127
DA:312,127
DA:313,126
DA:314,126
DA:317,127
DA:318,127
DA:320,127
DA:326,216
DA:334,17
DA:336,17
DA:355,4
LF:78
LH:74
BRDA:72,0,0,21
BRDA:72,0,1,0
BRDA:135,1,0,709
BRDA:135,1,1,673
BRDA:135,1,2,443
BRDA:135,1,3,443
BRDA:140,2,0,734
BRDA:140,2,1,0
BRDA:147,3,0,0
BRDA:152,4,0,14
BRDA:161,5,0,0
BRDA:167,6,0,0
BRDA:177,7,0,151
BRDA:215,8,0,115
BRDA:215,8,1,11
BRDA:221,9,0,114
BRDA:221,9,1,0
BRDA:222,10,0,114
BRDA:222,10,1,113
BRDA:223,11,0,114
BRDA:223,11,1,0
BRDA:241,12,0,1
BRDA:245,13,0,3
BRDA:252,14,0,24
BRDA:260,15,0,4
BRDA:274,16,0,0
BRDA:302,17,0,216
BRDA:312,18,0,126
BRDA:357,19,0,4
BRDA:357,19,1,0
BRF:30
BRH:21
end_of_record
TN:
SF:pages/api/alerts/subscribe.ts
FN:28,handler
FN:52,createSubscription
FN:93,getSubscriptions
FN:97,(anonymous_4)
FN:103,(anonymous_5)
FN:110,updateSubscription
FN:114,(anonymous_7)
FN:132,deleteSubscription
FN:135,(anonymous_9)
FNF:9
FNH:9
FNDA:36,handler
FNDA:20,createSubscription
FNDA:8,getSubscriptions
FNDA:32,(anonymous_4)
FNDA:20,(anonymous_5)
FNDA:3,updateSubscription
FNDA:25,(anonymous_7)
FNDA:2,deleteSubscription
FNDA:19,(anonymous_9)
DA:26,1
DA:28,36
DA:30,36
DA:31,36
DA:32,36
DA:34,36
DA:35,1
DA:38,35
DA:40,20
DA:42,8
DA:44,3
DA:46,2
DA:48,2
DA:53,20
DA:54,20
DA:56,20
DA:57,6
DA:62,14
DA:78,13
DA:80,13
DA:86,1
DA:94,8
DA:96,8
DA:97,32
DA:98,4
DA:102,4
DA:103,20
DA:111,3
DA:112,3
DA:114,25
DA:116,3
DA:117,1
DA:120,2
DA:125,2
DA:133,2
DA:135,19
DA:137,2
DA:138,1
DA:141,1
DA:143,1
LF:40
LH:40
BRDA:34,0,0,1
BRDA:38,1,0,20
BRDA:38,1,1,8
BRDA:38,1,2,3
BRDA:38,1,3,2
BRDA:38,1,4,2
BRDA:56,2,0,6
BRDA:56,3,0,20
BRDA:56,3,1,16
BRDA:56,3,2,15
BRDA:65,4,0,13
BRDA:65,4,1,0
BRDA:67,5,0,13
BRDA:67,5,1,1
BRDA:68,6,0,13
BRDA:68,6,1,1
BRDA:70,7,0,13
BRDA:70,7,1,12
BRDA:88,8,0,1
BRDA:88,8,1,0
BRDA:96,9,0,4
BRDA:116,10,0,1
BRDA:137,11,0,1
BRF:23
BRH:21
end_of_record
TN:
SF:pages/api/ingestion/run.ts
FN:6,handler
FNF:1
FNH:1
FNDA:16,handler
DA:4,1
DA:6,16
DA:7,16
DA:8,3
DA:11,13
DA:12,13
DA:15,13
DA:18,10
DA:20,9
DA:37,9
DA:40,4
DA:41,4
LF:12
LH:12
BRDA:7,0,0,3
BRDA:24,1,0,8
BRDA:24,1,1,1
BRDA:24,2,0,9
BRDA:24,2,1,8
BRDA:28,3,0,9
BRDA:28,3,1,1
BRDA:43,4,0,2
BRDA:43,4,1,2
BRF:9
BRH:9
end_of_record
TN:
SF:pages/api/ingestion/status.ts
FN:6,handler
FN:17,(anonymous_2)
FN:52,(anonymous_3)
FNF:3
FNH:3
FNDA:16,handler
FNDA:16,(anonymous_2)
FNDA:16,(anonymous_3)
DA:4,1
DA:6,16
DA:7,16
DA:8,3
DA:11,13
DA:12,13
DA:15,11
DA:16,11
DA:17,16
DA:20,11
DA:21,11
DA:22,11
DA:25,11
DA:26,11
DA:28,11
DA:29,2
DA:30,2
DA:31,9
DA:32,3
DA:33,3
DA:34,6
DA:35,1
DA:36,1
DA:37,5
DA:38,0
DA:39,0
DA:42,11
DA:52,16
DA:85,0
DA:88,13
DA:89,13
LF:31
LH:28
BRDA:7,0,0,3
BRDA:16,1,0,9
BRDA:16,1,1,2
BRDA:21,2,0,9
BRDA:21,2,1,2
BRDA:22,3,0,9
BRDA:22,3,1,2
BRDA:28,4,0,2
BRDA:28,4,1,9
BRDA:31,5,0,3
BRDA:31,5,1,6
BRDA:34,6,0,1
BRDA:34,6,1,5
BRDA:34,7,0,6
BRDA:34,7,1,6
BRDA:37,8,0,0
BRDA:49,9,0,6
BRDA:49,9,1,5
BRDA:50,10,0,9
BRDA:50,10,1,2
BRDA:58,11,0,16
BRDA:58,11,1,6
BRDA:59,12,0,15
BRDA:59,12,1,1
BRDA:59,13,0,16
BRDA:59,13,1,15
BRDA:91,14,0,1
BRDA:91,14,1,12
BRF:28
BRH:27
end_of_record
TN:
SF:pages/api/notifications/history.ts
FN:25,(anonymous_1)
FN:137,(anonymous_2)
FN:144,handler
FN:173,(anonymous_4)
FN:178,(anonymous_5)
FN:183,(anonymous_6)
FN:191,(anonymous_7)
FN:223,(anonymous_8)
FN:224,(anonymous_9)
FN:225,(anonymous_10)
FN:226,(anonymous_11)
FN:227,(anonymous_12)
FN:229,(anonymous_13)
FN:232,(anonymous_14)
FN:237,(anonymous_15)
FN:245,(anonymous_16)
FNF:16
FNH:16
FNDA:42,(anonymous_1)
FNDA:240,(anonymous_2)
FNDA:46,handler
FNDA:30,(anonymous_4)
FNDA:10,(anonymous_5)
FNDA:6,(anonymous_6)
FNDA:310,(anonymous_7)
FNDA:204,(anonymous_8)
FNDA:204,(anonymous_9)
FNDA:204,(anonymous_10)
FNDA:204,(anonymous_11)
FNDA:204,(anonymous_12)
FNDA:204,(anonymous_13)
FNDA:204,(anonymous_14)
FNDA:204,(anonymous_15)
FNDA:204,(anonymous_16)
DA:25,1
DA:26,42
DA:137,240
DA:144,46
DA:146,46
DA:147,46
DA:148,46
DA:150,46
DA:151,1
DA:154,45
DA:155,3
DA:158,42
DA:167,42
DA:169,42
DA:172,40
DA:173,30
DA:177,40
DA:178,10
DA:182,40
DA:183,6
DA:187,40
DA:188,40
DA:189,40
DA:191,40
DA:194,310
DA:196,277
DA:197,277
DA:198,277
DA:200,11
DA:201,11
DA:202,11
DA:204,22
DA:205,22
DA:208,310
DA:209,140
DA:210,41
DA:214,40
DA:215,40
DA:217,40
DA:218,40
DA:221,40
DA:223,204
DA:224,204
DA:225,204
DA:226,204
DA:227,204
DA:229,204
DA:232,204
DA:237,39
DA:238,204
DA:239,204
DA:241,204
DA:245,39
DA:246,204
DA:247,204
DA:249,204
DA:252,39
DA:277,3
LF:58
LH:58
BRDA:140,0,0,240
BRDA:140,0,1,0
BRDA:150,1,0,1
BRDA:154,2,0,3
BRDA:163,3,0,33
BRDA:164,4,0,34
BRDA:165,5,0,36
BRDA:166,6,0,36
BRDA:172,7,0,5
BRDA:172,8,0,40
BRDA:172,8,1,5
BRDA:177,9,0,3
BRDA:177,10,0,40
BRDA:177,10,1,4
BRDA:182,11,0,1
BRDA:182,12,0,40
BRDA:182,12,1,1
BRDA:188,13,0,38
BRDA:188,13,1,2
BRDA:189,14,0,2
BRDA:189,14,1,38
BRDA:194,15,0,277
BRDA:194,15,1,11
BRDA:194,15,2,22
BRDA:196,16,0,187
BRDA:196,16,1,90
BRDA:197,17,0,157
BRDA:197,17,1,120
BRDA:204,18,0,22
BRDA:204,18,1,0
BRDA:205,19,0,22
BRDA:205,19,1,0
BRDA:208,20,0,170
BRDA:209,21,0,99
BRDA:228,22,0,37
BRDA:228,22,1,2
BRDA:231,23,0,37
BRDA:231,23,1,2
BRDA:238,24,0,204
BRDA:239,25,0,204
BRDA:239,25,1,139
BRDA:246,26,0,204
BRDA:247,27,0,204
BRDA:247,27,1,107
BRDA:270,28,0,39
BRDA:270,28,1,34
BRDA:271,29,0,39
BRDA:271,29,1,35
BRDA:272,30,0,39
BRDA:272,30,1,38
BRDA:279,31,0,3
BRDA:279,31,1,0
BRF:52
BRH:48
end_of_record
TN:
SF:pages/api/notifications/send.ts
FN:53,handler
FN:111,(anonymous_2)
FN:171,(anonymous_3)
FN:172,(anonymous_4)
FN:193,simulateEmailSend
FN:195,(anonymous_6)
FNF:6
FNH:6
FNDA:151,handler
FNDA:210,(anonymous_2)
FNDA:210,(anonymous_3)
FNDA:210,(anonymous_4)
FNDA:209,simulateEmailSend
FNDA:209,(anonymous_6)
DA:50,1
DA:51,1
DA:53,151
DA:55,151
DA:56,151
DA:57,151
DA:59,151
DA:60,1
DA:63,150
DA:64,3
DA:67,147
DA:68,147
DA:70,147
DA:71,3
DA:76,144
DA:77,1
DA:83,143
DA:84,142
DA:86,142
DA:87,219
DA:88,219
DA:90,219
DA:92,114
DA:93,0
DA:94,0
DA:98,114
DA:99,9
DA:105,105
DA:110,133
DA:112,210
DA:114,210
DA:116,210
DA:117,1
DA:121,209
DA:124,34
DA:125,34
DA:126,34
DA:129,34
DA:140,34
DA:142,34
DA:149,176
DA:159,176
DA:161,176
DA:171,210
DA:172,210
DA:174,133
DA:186,1
DA:195,209
DA:198,34
DA:199,32
DA:200,32
DA:201,32
DA:202,32
DA:203,32
DA:205,32
DA:208,2
DA:216,2
LF:57
LH:55
BRDA:59,0,0,1
BRDA:63,1,0,3
BRDA:68,2,0,143
BRDA:70,3,0,3
BRDA:70,4,0,147
BRDA:70,4,1,145
BRDA:76,5,0,1
BRDA:90,6,0,114
BRDA:90,6,1,105
BRDA:92,7,0,0
BRDA:98,8,0,9
BRDA:116,9,0,1
BRDA:116,10,0,210
BRDA:116,10,1,209
BRDA:134,11,0,32
BRDA:134,11,1,2
BRDA:135,12,0,32
BRDA:135,12,1,2
BRDA:136,13,0,32
BRDA:136,13,1,2
BRDA:155,14,0,176
BRDA:155,14,1,0
BRDA:165,15,0,176
BRDA:165,15,1,0
BRDA:188,16,0,1
BRDA:188,16,1,0
BRDA:198,17,0,32
BRDA:198,17,1,2
BRF:28
BRH:24
end_of_record
TN:
SF:pages/api/obs/summary.ts
FN:31,generateDailySummary
FN:70,generateDateRange
FN:83,applyFilters
FN:89,(anonymous_4)
FN:97,(anonymous_5)
FN:101,(anonymous_6)
FN:106,(anonymous_7)
FN:116,handler
FN:158,(anonymous_9)
FN:161,(anonymous_10)
FN:162,(anonymous_11)
FN:180,(anonymous_12)
FN:183,(anonymous_13)
FN:186,(anonymous_14)
FNF:14
FNH:14
FNDA:8616,generateDailySummary
FNDA:27,generateDateRange
FNDA:27,applyFilters
FNDA:620,(anonymous_4)
FNDA:8089,(anonymous_5)
FNDA:8089,(anonymous_6)
FNDA:526,(anonymous_7)
FNDA:30,handler
FNDA:90,(anonymous_9)
FNDA:187,(anonymous_10)
FNDA:8616,(anonymous_11)
FNDA:3560,(anonymous_12)
FNDA:3560,(anonymous_13)
FNDA:3560,(anonymous_14)
DA:38,8616
DA:39,8616
DA:40,8616
DA:43,8616
DA:44,8616
DA:45,8616
DA:46,8616
DA:49,8616
DA:50,8616
DA:52,8616
DA:71,27
DA:72,27
DA:74,27
DA:75,1397
DA:76,1397
DA:79,27
DA:84,27
DA:87,27
DA:88,2
DA:89,2
DA:90,620
DA:96,27
DA:97,8089
DA:100,27
DA:101,8089
DA:105,27
DA:106,526
DA:110,27
DA:111,27
DA:113,27
DA:116,30
DA:117,30
DA:118,3
DA:121,27
DA:122,27
DA:125,27
DA:135,27
DA:149,27
DA:150,27
DA:151,27
DA:154,27
DA:157,27
DA:158,90
DA:161,27
DA:162,187
DA:163,8616
DA:170,8616
DA:175,27
DA:178,27
DA:179,27
DA:180,3560
DA:182,27
DA:183,3560
DA:185,27
DA:186,3560
DA:189,27
DA:231,27
DA:234,0
DA:235,0
LF:59
LH:57
BRDA:87,0,0,2
BRDA:90,1,0,620
BRDA:90,1,1,155
BRDA:90,1,2,93
BRDA:90,1,3,93
BRDA:96,2,0,27
BRDA:100,3,0,27
BRDA:105,4,0,9
BRDA:110,5,0,27
BRDA:110,5,1,25
BRDA:111,6,0,27
BRDA:111,6,1,22
BRDA:117,7,0,3
BRDA:126,8,0,2
BRDA:126,8,1,25
BRDA:127,9,0,27
BRDA:127,9,1,22
BRDA:128,10,0,27
BRDA:128,10,1,22
BRDA:130,11,0,6
BRDA:130,11,1,21
BRDA:131,12,0,3
BRDA:131,12,1,24
BRDA:157,13,0,9
BRDA:157,13,1,18
BRDA:179,14,0,22
BRDA:179,14,1,5
BRDA:182,15,0,22
BRDA:182,15,1,5
BRDA:185,16,0,22
BRDA:185,16,1,5
BRDA:200,17,0,27
BRDA:200,17,1,25
BRF:33
BRH:33
end_of_record
TN:
SF:pages/api/predictions/forecast.ts
FN:6,handler
FN:63,(anonymous_2)
FN:64,(anonymous_3)
FN:65,(anonymous_4)
FN:68,(anonymous_5)
FN:69,(anonymous_6)
FN:72,(anonymous_7)
FN:76,(anonymous_8)
FNF:8
FNH:8
FNDA:40,handler
FNDA:51,(anonymous_2)
FNDA:51,(anonymous_3)
FNDA:51,(anonymous_4)
FNDA:51,(anonymous_5)
FNDA:50,(anonymous_6)
FNDA:50,(anonymous_7)
FNDA:50,(anonymous_8)
DA:4,1
DA:6,40
DA:7,40
DA:8,3
DA:11,37
DA:18,37
DA:21,37
DA:22,5
DA:25,32
DA:26,3
DA:31,29
DA:34,29
DA:42,29
DA:45,29
DA:48,27
DA:63,51
DA:64,51
DA:65,51
DA:68,51
DA:69,50
DA:73,50
DA:76,50
DA:110,26
DA:113,3
DA:114,3
LF:25
LH:25
BRDA:7,0,0,3
BRDA:15,1,0,27
BRDA:17,2,0,34
BRDA:21,3,0,5
BRDA:25,4,0,3
BRDA:25,5,0,32
BRDA:25,5,1,30
BRDA:31,6,0,29
BRDA:31,6,1,28
BRDA:58,7,0,27
BRDA:58,7,1,2
BRDA:70,8,0,26
BRDA:70,8,1,1
BRDA:80,9,0,46
BRDA:80,9,1,4
BRDA:99,10,0,25
BRDA:99,10,1,1
BRDA:116,11,0,2
BRDA:116,11,1,1
BRF:19
BRH:19
end_of_record
TN:
SF:pages/api/predictions/models.ts
FN:7,getRecommendedUse
FN:22,getAccuracyGrade
FN:29,getForecastHorizons
FN:39,getComputationalCost
FN:49,getUpdateFrequency
FN:59,handler
FN:115,(anonymous_7)
FN:116,(anonymous_8)
FN:135,(anonymous_9)
FN:136,(anonymous_10)
FN:144,(anonymous_11)
FN:145,(anonymous_12)
FN:146,(anonymous_13)
FN:151,(anonymous_14)
FNF:14
FNH:14
FNDA:189,getRecommendedUse
FNDA:189,getAccuracyGrade
FNDA:189,getForecastHorizons
FNDA:189,getComputationalCost
FNDA:189,getUpdateFrequency
FNDA:42,handler
FNDA:189,(anonymous_7)
FNDA:189,(anonymous_8)
FNDA:542,(anonymous_9)
FNDA:112,(anonymous_10)
FNDA:109,(anonymous_11)
FNDA:4,(anonymous_12)
FNDA:112,(anonymous_13)
FNDA:189,(anonymous_14)
DA:4,1
DA:8,189
DA:10,22
DA:12,22
DA:14,22
DA:16,122
DA:18,1
DA:23,189
DA:24,97
DA:25,65
DA:26,57
DA:30,189
DA:31,22
DA:32,22
DA:33,22
DA:34,122
DA:35,1
DA:40,189
DA:41,22
DA:42,22
DA:43,22
DA:44,122
DA:45,1
DA:50,189
DA:51,22
DA:52,22
DA:53,22
DA:54,122
DA:55,1
DA:59,42
DA:60,42
DA:61,3
DA:64,39
DA:65,39
DA:66,39
DA:69,39
DA:70,11
DA:72,11
DA:73,7
DA:76,4
DA:107,4
DA:111,28
DA:113,25
DA:115,189
DA:116,189
DA:135,542
DA:136,112
DA:144,109
DA:145,4
DA:146,112
DA:151,189
DA:175,25
DA:178,3
DA:179,3
LF:54
LH:54
BRDA:8,0,0,22
BRDA:8,0,1,22
BRDA:8,0,2,22
BRDA:8,0,3,122
BRDA:8,0,4,1
BRDA:10,1,0,22
BRDA:10,1,1,0
BRDA:23,2,0,92
BRDA:24,3,0,32
BRDA:25,4,0,8
BRDA:30,5,0,22
BRDA:30,5,1,22
BRDA:30,5,2,22
BRDA:30,5,3,122
BRDA:30,5,4,1
BRDA:40,6,0,22
BRDA:40,6,1,22
BRDA:40,6,2,22
BRDA:40,6,3,122
BRDA:40,6,4,1
BRDA:50,7,0,22
BRDA:50,7,1,22
BRDA:50,7,2,22
BRDA:50,7,3,122
BRDA:50,7,4,1
BRDA:60,8,0,3
BRDA:65,9,0,30
BRDA:69,10,0,11
BRDA:72,11,0,7
BRDA:79,12,0,2
BRDA:79,12,1,2
BRDA:99,13,0,2
BRDA:99,13,1,2
BRDA:133,14,0,4
BRDA:133,14,1,21
BRDA:144,15,0,4
BRDA:144,15,1,1
BRDA:145,16,0,4
BRDA:145,16,1,0
BRDA:146,17,0,4
BRDA:146,17,1,4
BRDA:181,18,0,2
BRDA:181,18,1,1
BRF:43
BRH:41
end_of_record
TN:
SF:pages/api/tiles/currents/[...params].ts
FN:15,generateCurrentField
FN:98,generateVectorTileResponse
FN:104,(anonymous_3)
FN:126,getCurrentColor
FN:133,handler
FNF:5
FNH:5
FNDA:21,generateCurrentField
FNDA:21,generateVectorTileResponse
FNDA:4657,(anonymous_3)
FNDA:4657,getCurrentColor
FNDA:32,handler
DA:16,21
DA:19,21
DA:20,21
DA:21,21
DA:22,21
DA:23,21
DA:26,21
DA:27,21
DA:28,21
DA:30,21
DA:31,311
DA:32,4657
DA:33,4657
DA:39,4657
DA:41,4657
DA:46,4432
DA:47,0
DA:51,4432
DA:52,0
DA:56,4432
DA:58,737
DA:61,3695
DA:63,361
DA:68,3334
DA:69,3334
DA:70,3334
DA:74,4657
DA:75,4657
DA:78,4657
DA:79,4657
DA:81,4657
DA:82,4657
DA:94,21
DA:102,21
DA:104,4657
DA:122,21
DA:133,32
DA:134,32
DA:135,3
DA:138,29
DA:139,29
DA:141,29
DA:142,4
DA:145,25
DA:146,25
DA:147,25
DA:148,25
DA:150,25
DA:151,1
DA:155,24
DA:156,1
DA:160,23
DA:161,0
DA:169,23
DA:170,23
DA:171,2
DA:175,21
DA:176,21
DA:181,21
DA:182,21
DA:183,21
DA:184,21
DA:186,21
DA:189,0
DA:190,0
LF:65
LH:60
BRDA:41,0,0,225
BRDA:41,0,1,4432
BRDA:41,1,0,4657
BRDA:41,1,1,3406
BRDA:41,1,2,1125
BRDA:41,1,3,1125
BRDA:46,2,0,0
BRDA:46,2,1,4432
BRDA:46,3,0,4432
BRDA:46,3,1,3181
BRDA:46,3,2,972
BRDA:46,3,3,972
BRDA:51,4,0,0
BRDA:51,4,1,4432
BRDA:51,5,0,4432
BRDA:51,5,1,3181
BRDA:51,5,2,527
BRDA:51,5,3,0
BRDA:56,6,0,737
BRDA:56,6,1,3695
BRDA:61,7,0,361
BRDA:61,7,1,3334
BRDA:81,8,0,4657
BRDA:134,9,0,3
BRDA:141,10,0,4
BRDA:141,11,0,29
BRDA:141,11,1,28
BRDA:141,11,2,28
BRDA:150,12,0,1
BRDA:150,13,0,25
BRDA:150,13,1,24
BRDA:150,13,2,24
BRDA:155,14,0,1
BRDA:155,15,0,24
BRDA:155,15,1,23
BRDA:160,16,0,0
BRDA:170,17,0,2
BRDA:170,18,0,23
BRDA:170,18,1,22
BRDA:170,18,2,21
BRDA:170,18,3,21
BRF:41
BRH:37
end_of_record
TN:
SF:pages/api/tiles/sst/[...params].ts
FN:6,getTemperatureColor
FN:50,generateSSTField
FN:83,generateTileResponse
FN:112,handler
FNF:4
FNH:4
FNDA:1900544,getTemperatureColor
FNDA:29,generateSSTField
FNDA:29,generateTileResponse
FNDA:42,handler
DA:9,1900544
DA:14,1900544
DA:16,1046049
DA:17,1046049
DA:18,1046049
DA:19,1046049
DA:20,854495
DA:22,284235
DA:23,284235
DA:24,284235
DA:25,284235
DA:26,570260
DA:28,137952
DA:29,137952
DA:30,137952
DA:31,137952
DA:32,432308
DA:34,250314
DA:35,250314
DA:36,250314
DA:37,250314
DA:40,181994
DA:41,181994
DA:42,181994
DA:43,181994
DA:51,29
DA:52,29
DA:55,29
DA:56,29
DA:57,29
DA:58,29
DA:59,29
DA:61,29
DA:62,7424
DA:63,7424
DA:65,1900544
DA:66,1900544
DA:69,1900544
DA:70,1900544
DA:71,1900544
DA:73,1900544
DA:74,1900544
DA:76,7424
DA:79,29
DA:84,29
DA:85,29
DA:89,29
DA:91,29
DA:92,7424
DA:93,1900544
DA:94,1900544
DA:96,1900544
DA:101,29
DA:108,29
DA:109,29
DA:112,42
DA:113,42
DA:114,3
DA:117,39
DA:118,39
DA:120,39
DA:121,4
DA:124,35
DA:125,35
DA:126,35
DA:127,35
DA:129,35
DA:130,2
DA:134,33
DA:135,1
DA:139,32
DA:140,32
DA:141,3
DA:145,29
DA:148,29
DA:150,29
DA:151,29
DA:152,29
DA:154,29
DA:157,0
DA:158,0
LF:81
LH:79
BRDA:14,0,0,1046049
BRDA:14,0,1,854495
BRDA:20,1,0,284235
BRDA:20,1,1,570260
BRDA:26,2,0,137952
BRDA:26,2,1,432308
BRDA:32,3,0,250314
BRDA:32,3,1,181994
BRDA:113,4,0,3
BRDA:120,5,0,4
BRDA:120,6,0,39
BRDA:120,6,1,38
BRDA:120,6,2,38
BRDA:129,7,0,2
BRDA:129,8,0,35
BRDA:129,8,1,34
BRDA:129,8,2,33
BRDA:134,9,0,1
BRDA:134,10,0,33
BRDA:134,10,1,32
BRDA:140,11,0,3
BRDA:140,12,0,32
BRDA:140,12,1,31
BRDA:140,12,2,29
BRDA:140,12,3,29
BRF:25
BRH:25
end_of_record
TN:
SF:pages/stories/[slug].tsx
FN:6,Story
FN:12,getStaticPaths
FN:14,(anonymous_7)
FN:17,getStaticProps
FNF:4
FNH:0
FNDA:0,Story
FNDA:0,getStaticPaths
FNDA:0,(anonymous_7)
FNDA:0,getStaticProps
DA:3,0
DA:4,0
DA:6,0
DA:12,0
DA:13,0
DA:14,0
DA:17,0
DA:18,0
DA:19,0
LF:9
LH:0
BRF:0
BRH:0
end_of_record
TN:
SF:pages/stories/index.tsx
FN:14,Stories
FN:25,(anonymous_5)
FN:39,getStaticProps
FN:41,(anonymous_7)
FNF:4
FNH:0
FNDA:0,Stories
FNDA:0,(anonymous_5)
FNDA:0,getStaticProps
FNDA:0,(anonymous_7)
DA:8,0
DA:9,0
DA:10,0
DA:11,0
DA:12,0
DA:14,0
DA:26,0
DA:39,0
DA:40,0
DA:41,0
DA:42,0
DA:43,0
DA:45,0
LF:13
LH:0
BRDA:20,0,0,0
BRDA:20,0,1,0
BRF:2
BRH:0
end_of_record
